{"/home/travis/build/npmtest/node-npmtest-applicationinsights/test.js":{"path":"/home/travis/build/npmtest/node-npmtest-applicationinsights/test.js","s":{"1":2,"2":2,"3":2,"4":2,"5":2,"6":2,"7":2,"8":1,"9":2,"10":2,"11":1,"12":1,"13":1,"14":1,"15":2,"16":2,"17":2,"18":2,"19":1,"20":1,"21":2,"22":2,"23":2,"24":1,"25":1,"26":1,"27":1,"28":1,"29":1,"30":1,"31":1,"32":1,"33":1,"34":1,"35":1,"36":1,"37":2,"38":2,"39":1,"40":2,"41":2,"42":1,"43":2,"44":2,"45":1,"46":2,"47":2,"48":1,"49":1,"50":1,"51":1,"52":1},"b":{"1":[2,1,1,1],"2":[1,1,1,1],"3":[1,1],"4":[1,1],"5":[1,1],"6":[1,1],"7":[1,1],"8":[1,1],"9":[1,1,1],"10":[1,1],"11":[1,1],"12":[1,1],"13":[1,1],"14":[1,1],"15":[1,1],"16":[1,1]},"f":{"1":2,"2":2,"3":2,"4":2,"5":2,"6":1,"7":1,"8":2,"9":2,"10":2,"11":2,"12":1},"fnMap":{"1":{"name":"(anonymous_1)","line":12,"loc":{"start":{"line":12,"column":1},"end":{"line":12,"column":13}}},"2":{"name":"(anonymous_2)","line":19,"loc":{"start":{"line":19,"column":5},"end":{"line":19,"column":17}}},"3":{"name":"(anonymous_3)","line":23,"loc":{"start":{"line":23,"column":24},"end":{"line":23,"column":36}}},"4":{"name":"(anonymous_4)","line":61,"loc":{"start":{"line":61,"column":5},"end":{"line":61,"column":17}}},"5":{"name":"(anonymous_5)","line":82,"loc":{"start":{"line":82,"column":5},"end":{"line":82,"column":17}}},"6":{"name":"(anonymous_6)","line":102,"loc":{"start":{"line":102,"column":83},"end":{"line":105,"column":10}},"skip":true},"7":{"name":"(anonymous_7)","line":113,"loc":{"start":{"line":113,"column":77},"end":{"line":116,"column":10}},"skip":true},"8":{"name":"(anonymous_8)","line":129,"loc":{"start":{"line":129,"column":12},"end":{"line":129,"column":40}},"skip":true},"9":{"name":"(anonymous_9)","line":137,"loc":{"start":{"line":137,"column":77},"end":{"line":140,"column":10}},"skip":true},"10":{"name":"(anonymous_10)","line":148,"loc":{"start":{"line":148,"column":83},"end":{"line":151,"column":10}},"skip":true},"11":{"name":"(anonymous_11)","line":159,"loc":{"start":{"line":159,"column":79},"end":{"line":162,"column":10}},"skip":true},"12":{"name":"(anonymous_12)","line":170,"loc":{"start":{"line":170,"column":75},"end":{"line":173,"column":10}},"skip":true}},"statementMap":{"1":{"start":{"line":12,"column":0},"end":{"line":185,"column":5}},"2":{"start":{"line":14,"column":4},"end":{"line":14,"column":14}},"3":{"start":{"line":19,"column":4},"end":{"line":56,"column":9}},"4":{"start":{"line":21,"column":8},"end":{"line":21,"column":19}},"5":{"start":{"line":23,"column":8},"end":{"line":35,"column":13}},"6":{"start":{"line":24,"column":12},"end":{"line":34,"column":13}},"7":{"start":{"line":25,"column":16},"end":{"line":28,"column":30}},"8":{"start":{"line":30,"column":16},"end":{"line":33,"column":27}},"9":{"start":{"line":37,"column":8},"end":{"line":39,"column":21}},"10":{"start":{"line":40,"column":8},"end":{"line":53,"column":9}},"11":{"start":{"line":43,"column":12},"end":{"line":46,"column":14}},"12":{"start":{"line":47,"column":12},"end":{"line":47,"column":18}},"13":{"start":{"line":50,"column":12},"end":{"line":51,"column":46}},"14":{"start":{"line":52,"column":12},"end":{"line":52,"column":18}},"15":{"start":{"line":55,"column":8},"end":{"line":55,"column":35}},"16":{"start":{"line":61,"column":4},"end":{"line":63,"column":9}},"17":{"start":{"line":62,"column":8},"end":{"line":62,"column":15}},"18":{"start":{"line":64,"column":4},"end":{"line":77,"column":5}},"19":{"start":{"line":70,"column":8},"end":{"line":70,"column":14}},"20":{"start":{"line":76,"column":8},"end":{"line":76,"column":14}},"21":{"start":{"line":82,"column":4},"end":{"line":84,"column":9}},"22":{"start":{"line":83,"column":8},"end":{"line":83,"column":15}},"23":{"start":{"line":85,"column":4},"end":{"line":184,"column":5}},"24":{"start":{"line":92,"column":8},"end":{"line":94,"column":63}},"25":{"start":{"line":95,"column":8},"end":{"line":95,"column":14}},"26":{"start":{"line":102,"column":8},"end":{"line":111,"column":10},"skip":true},"27":{"start":{"line":109,"column":12},"end":{"line":109,"column":55},"skip":true},"28":{"start":{"line":110,"column":12},"end":{"line":110,"column":48},"skip":true},"29":{"start":{"line":113,"column":8},"end":{"line":126,"column":10},"skip":true},"30":{"start":{"line":120,"column":12},"end":{"line":120,"column":76},"skip":true},"31":{"start":{"line":121,"column":12},"end":{"line":121,"column":73},"skip":true},"32":{"start":{"line":122,"column":12},"end":{"line":122,"column":74},"skip":true},"33":{"start":{"line":123,"column":12},"end":{"line":123,"column":79},"skip":true},"34":{"start":{"line":124,"column":12},"end":{"line":124,"column":25},"skip":true},"35":{"start":{"line":125,"column":12},"end":{"line":125,"column":45},"skip":true},"36":{"start":{"line":128,"column":8},"end":{"line":135,"column":14},"skip":true},"37":{"start":{"line":133,"column":16},"end":{"line":133,"column":29},"skip":true},"38":{"start":{"line":134,"column":16},"end":{"line":134,"column":55},"skip":true},"39":{"start":{"line":137,"column":8},"end":{"line":146,"column":10},"skip":true},"40":{"start":{"line":144,"column":12},"end":{"line":144,"column":25},"skip":true},"41":{"start":{"line":145,"column":12},"end":{"line":145,"column":45},"skip":true},"42":{"start":{"line":148,"column":8},"end":{"line":157,"column":10},"skip":true},"43":{"start":{"line":155,"column":12},"end":{"line":155,"column":25},"skip":true},"44":{"start":{"line":156,"column":12},"end":{"line":156,"column":48},"skip":true},"45":{"start":{"line":159,"column":8},"end":{"line":168,"column":10},"skip":true},"46":{"start":{"line":166,"column":12},"end":{"line":166,"column":25},"skip":true},"47":{"start":{"line":167,"column":12},"end":{"line":167,"column":46},"skip":true},"48":{"start":{"line":170,"column":8},"end":{"line":179,"column":10},"skip":true},"49":{"start":{"line":177,"column":12},"end":{"line":177,"column":94},"skip":true},"50":{"start":{"line":178,"column":12},"end":{"line":178,"column":48},"skip":true},"51":{"start":{"line":182,"column":8},"end":{"line":182,"column":35},"skip":true},"52":{"start":{"line":183,"column":8},"end":{"line":183,"column":14},"skip":true}},"branchMap":{"1":{"line":25,"type":"binary-expr","locations":[{"start":{"line":25,"column":23},"end":{"line":25,"column":62}},{"start":{"line":26,"column":20},"end":{"line":26,"column":70}},{"start":{"line":27,"column":20},"end":{"line":27,"column":71}},{"start":{"line":28,"column":20},"end":{"line":28,"column":29}}]},"2":{"line":30,"type":"binary-expr","locations":[{"start":{"line":30,"column":23},"end":{"line":30,"column":37}},{"start":{"line":31,"column":20},"end":{"line":31,"column":61}},{"start":{"line":32,"column":20},"end":{"line":32,"column":70}},{"start":{"line":33,"column":20},"end":{"line":33,"column":26}}]},"3":{"line":37,"type":"cond-expr","locations":[{"start":{"line":38,"column":14},"end":{"line":38,"column":20}},{"start":{"line":39,"column":14},"end":{"line":39,"column":20}}]},"4":{"line":40,"type":"switch","locations":[{"start":{"line":42,"column":8},"end":{"line":47,"column":18}},{"start":{"line":49,"column":8},"end":{"line":52,"column":18}}]},"5":{"line":44,"type":"binary-expr","locations":[{"start":{"line":44,"column":16},"end":{"line":44,"column":44}},{"start":{"line":44,"column":48},"end":{"line":44,"column":66}}]},"6":{"line":50,"type":"binary-expr","locations":[{"start":{"line":50,"column":21},"end":{"line":50,"column":49}},{"start":{"line":50,"column":53},"end":{"line":50,"column":72}}]},"7":{"line":64,"type":"switch","locations":[{"start":{"line":69,"column":4},"end":{"line":70,"column":14}},{"start":{"line":75,"column":4},"end":{"line":76,"column":14}}]},"8":{"line":85,"type":"switch","locations":[{"start":{"line":90,"column":4},"end":{"line":95,"column":14}},{"start":{"line":101,"column":4},"end":{"line":183,"column":14},"skip":true}]},"9":{"line":92,"type":"binary-expr","locations":[{"start":{"line":92,"column":18},"end":{"line":92,"column":32}},{"start":{"line":93,"column":12},"end":{"line":93,"column":53}},{"start":{"line":94,"column":12},"end":{"line":94,"column":61}}]},"10":{"line":102,"type":"binary-expr","locations":[{"start":{"line":102,"column":45},"end":{"line":102,"column":79},"skip":true},{"start":{"line":102,"column":83},"end":{"line":111,"column":9},"skip":true}]},"11":{"line":113,"type":"binary-expr","locations":[{"start":{"line":113,"column":42},"end":{"line":113,"column":73},"skip":true},{"start":{"line":113,"column":77},"end":{"line":126,"column":9},"skip":true}]},"12":{"line":128,"type":"binary-expr","locations":[{"start":{"line":128,"column":48},"end":{"line":128,"column":85},"skip":true},{"start":{"line":129,"column":12},"end":{"line":135,"column":13},"skip":true}]},"13":{"line":137,"type":"binary-expr","locations":[{"start":{"line":137,"column":42},"end":{"line":137,"column":73},"skip":true},{"start":{"line":137,"column":77},"end":{"line":146,"column":9},"skip":true}]},"14":{"line":148,"type":"binary-expr","locations":[{"start":{"line":148,"column":45},"end":{"line":148,"column":79},"skip":true},{"start":{"line":148,"column":83},"end":{"line":157,"column":9},"skip":true}]},"15":{"line":159,"type":"binary-expr","locations":[{"start":{"line":159,"column":43},"end":{"line":159,"column":75},"skip":true},{"start":{"line":159,"column":79},"end":{"line":168,"column":9},"skip":true}]},"16":{"line":170,"type":"binary-expr","locations":[{"start":{"line":170,"column":41},"end":{"line":170,"column":71},"skip":true},{"start":{"line":170,"column":75},"end":{"line":179,"column":9},"skip":true}]}},"code":["/* istanbul instrument in package npmtest_applicationinsights */","/*jslint","    bitwise: true,","    browser: true,","    maxerr: 8,","    maxlen: 96,","    node: true,","    nomen: true,","    regexp: true,","    stupid: true","*/","(function () {","    'use strict';","    var local;","","","","    // run shared js-env code - pre-init","    (function () {","        // init local","        local = {};","        // init modeJs","        local.modeJs = (function () {","            try {","                return typeof navigator.userAgent === 'string' &&","                    typeof document.querySelector('body') === 'object' &&","                    typeof XMLHttpRequest.prototype.open === 'function' &&","                    'browser';","            } catch (errorCaughtBrowser) {","                return module.exports &&","                    typeof process.versions.node === 'string' &&","                    typeof require('http').createServer === 'function' &&","                    'node';","            }","        }());","        // init global","        local.global = local.modeJs === 'browser'","            ? window","            : global;","        switch (local.modeJs) {","        // re-init local from window.local","        case 'browser':","            local = local.global.utility2.objectSetDefault(","                local.global.utility2_rollup || local.global.local,","                local.global.utility2","            );","            break;","        // re-init local from example.js","        case 'node':","            local = (local.global.utility2_rollup || require('utility2'))","                .requireExampleJsFromReadme();","            break;","        }","        // export local","        local.global.local = local;","    }());","","","","    // run shared js-env code - function","    (function () {","        return;","    }());","    switch (local.modeJs) {","","","","    // run browser js-env code - function","    case 'browser':","        break;","","","","    // run node js-env code - function","    case 'node':","        break;","    }","","","","    // run shared js-env code - post-init","    (function () {","        return;","    }());","    switch (local.modeJs) {","","","","    // run browser js-env code - post-init","    case 'browser':","        // run tests","        local.nop(local.modeTest &&","            document.querySelector('#testRunButton1') &&","            document.querySelector('#testRunButton1').click());","        break;","","","","    // run node js-env code - post-init","    /* istanbul ignore next */","    case 'node':","        local.testCase_buildApidoc_default = local.testCase_buildApidoc_default || function (","            options,","            onError","        ) {","        /*","         * this function will test buildApidoc's default handling-behavior-behavior","         */","            options = { modulePathList: module.paths };","            local.buildApidoc(options, onError);","        };","","        local.testCase_buildApp_default = local.testCase_buildApp_default || function (","            options,","            onError","        ) {","        /*","         * this function will test buildApp's default handling-behavior-behavior","         */","            local.testCase_buildReadme_default(options, local.onErrorThrow);","            local.testCase_buildLib_default(options, local.onErrorThrow);","            local.testCase_buildTest_default(options, local.onErrorThrow);","            local.testCase_buildCustomOrg_default(options, local.onErrorThrow);","            options = [];","            local.buildApp(options, onError);","        };","","        local.testCase_buildCustomOrg_default = local.testCase_buildCustomOrg_default ||","            function (options, onError) {","            /*","             * this function will test buildCustomOrg's default handling-behavior","             */","                options = {};","                local.buildCustomOrg(options, onError);","            };","","        local.testCase_buildLib_default = local.testCase_buildLib_default || function (","            options,","            onError","        ) {","        /*","         * this function will test buildLib's default handling-behavior","         */","            options = {};","            local.buildLib(options, onError);","        };","","        local.testCase_buildReadme_default = local.testCase_buildReadme_default || function (","            options,","            onError","        ) {","        /*","         * this function will test buildReadme's default handling-behavior-behavior","         */","            options = {};","            local.buildReadme(options, onError);","        };","","        local.testCase_buildTest_default = local.testCase_buildTest_default || function (","            options,","            onError","        ) {","        /*","         * this function will test buildTest's default handling-behavior","         */","            options = {};","            local.buildTest(options, onError);","        };","","        local.testCase_webpage_default = local.testCase_webpage_default || function (","            options,","            onError","        ) {","        /*","         * this function will test webpage's default handling-behavior","         */","            options = { modeCoverageMerge: true, url: local.serverLocalHost + '?modeTest=1' };","            local.browserTest(options, onError);","        };","","        // run test-server","        local.testRunServer(local);","        break;","    }","}());",""],"l":{"12":2,"14":2,"19":2,"21":2,"23":2,"24":2,"25":2,"30":1,"37":2,"40":2,"43":1,"47":1,"50":1,"52":1,"55":2,"61":2,"62":2,"64":2,"70":1,"76":1,"82":2,"83":2,"85":2,"92":1,"95":1,"102":1,"109":1,"110":1,"113":1,"120":1,"121":1,"122":1,"123":1,"124":1,"125":1,"128":1,"133":2,"134":2,"137":1,"144":2,"145":2,"148":1,"155":2,"156":2,"159":1,"166":2,"167":2,"170":1,"177":1,"178":1,"182":1,"183":1}},"/home/travis/build/npmtest/node-npmtest-applicationinsights/lib.npmtest_applicationinsights.js":{"path":"/home/travis/build/npmtest/node-npmtest-applicationinsights/lib.npmtest_applicationinsights.js","s":{"1":2,"2":2,"3":2,"4":2,"5":2,"6":2,"7":2,"8":1,"9":2,"10":2,"11":2,"12":2,"13":1,"14":1,"15":1,"16":1},"b":{"1":[2,1,1,1],"2":[1,1,1,1],"3":[1,1],"4":[2,2],"5":[1,1]},"f":{"1":2,"2":2,"3":2},"fnMap":{"1":{"name":"(anonymous_1)","line":12,"loc":{"start":{"line":12,"column":1},"end":{"line":12,"column":13}}},"2":{"name":"(anonymous_2)","line":19,"loc":{"start":{"line":19,"column":5},"end":{"line":19,"column":17}}},"3":{"name":"(anonymous_3)","line":23,"loc":{"start":{"line":23,"column":24},"end":{"line":23,"column":36}}}},"statementMap":{"1":{"start":{"line":12,"column":0},"end":{"line":53,"column":5}},"2":{"start":{"line":14,"column":4},"end":{"line":14,"column":14}},"3":{"start":{"line":19,"column":4},"end":{"line":52,"column":9}},"4":{"start":{"line":21,"column":8},"end":{"line":21,"column":19}},"5":{"start":{"line":23,"column":8},"end":{"line":35,"column":13}},"6":{"start":{"line":24,"column":12},"end":{"line":34,"column":13}},"7":{"start":{"line":25,"column":16},"end":{"line":28,"column":30}},"8":{"start":{"line":30,"column":16},"end":{"line":33,"column":27}},"9":{"start":{"line":37,"column":8},"end":{"line":39,"column":21}},"10":{"start":{"line":41,"column":8},"end":{"line":41,"column":54}},"11":{"start":{"line":43,"column":8},"end":{"line":43,"column":64}},"12":{"start":{"line":45,"column":8},"end":{"line":51,"column":9}},"13":{"start":{"line":46,"column":12},"end":{"line":46,"column":70}},"14":{"start":{"line":48,"column":12},"end":{"line":48,"column":35}},"15":{"start":{"line":49,"column":12},"end":{"line":49,"column":49}},"16":{"start":{"line":50,"column":12},"end":{"line":50,"column":43}}},"branchMap":{"1":{"line":25,"type":"binary-expr","locations":[{"start":{"line":25,"column":23},"end":{"line":25,"column":62}},{"start":{"line":26,"column":20},"end":{"line":26,"column":70}},{"start":{"line":27,"column":20},"end":{"line":27,"column":71}},{"start":{"line":28,"column":20},"end":{"line":28,"column":29}}]},"2":{"line":30,"type":"binary-expr","locations":[{"start":{"line":30,"column":23},"end":{"line":30,"column":37}},{"start":{"line":31,"column":20},"end":{"line":31,"column":61}},{"start":{"line":32,"column":20},"end":{"line":32,"column":70}},{"start":{"line":33,"column":20},"end":{"line":33,"column":26}}]},"3":{"line":37,"type":"cond-expr","locations":[{"start":{"line":38,"column":14},"end":{"line":38,"column":20}},{"start":{"line":39,"column":14},"end":{"line":39,"column":20}}]},"4":{"line":41,"type":"binary-expr","locations":[{"start":{"line":41,"column":16},"end":{"line":41,"column":44}},{"start":{"line":41,"column":48},"end":{"line":41,"column":53}}]},"5":{"line":45,"type":"if","locations":[{"start":{"line":45,"column":8},"end":{"line":45,"column":8}},{"start":{"line":45,"column":8},"end":{"line":45,"column":8}}]}},"code":["/* istanbul instrument in package npmtest_applicationinsights */","/*jslint","    bitwise: true,","    browser: true,","    maxerr: 8,","    maxlen: 96,","    node: true,","    nomen: true,","    regexp: true,","    stupid: true","*/","(function () {","    'use strict';","    var local;","","","","    // run shared js-env code - pre-init","    (function () {","        // init local","        local = {};","        // init modeJs","        local.modeJs = (function () {","            try {","                return typeof navigator.userAgent === 'string' &&","                    typeof document.querySelector('body') === 'object' &&","                    typeof XMLHttpRequest.prototype.open === 'function' &&","                    'browser';","            } catch (errorCaughtBrowser) {","                return module.exports &&","                    typeof process.versions.node === 'string' &&","                    typeof require('http').createServer === 'function' &&","                    'node';","            }","        }());","        // init global","        local.global = local.modeJs === 'browser'","            ? window","            : global;","        // init utility2_rollup","        local = local.global.utility2_rollup || local;","        // init lib","        local.local = local.npmtest_applicationinsights = local;","        // init exports","        if (local.modeJs === 'browser') {","            local.global.utility2_npmtest_applicationinsights = local;","        } else {","            module.exports = local;","            module.exports.__dirname = __dirname;","            module.exports.module = module;","        }","    }());","}());",""],"l":{"12":2,"14":2,"19":2,"21":2,"23":2,"24":2,"25":2,"30":1,"37":2,"41":2,"43":2,"45":2,"46":1,"48":1,"49":1,"50":1}},"/home/travis/build/npmtest/node-npmtest-applicationinsights/example.js":{"path":"/home/travis/build/npmtest/node-npmtest-applicationinsights/example.js","s":{"1":2,"2":2,"3":2,"4":2,"5":2,"6":2,"7":2,"8":1,"9":2,"10":2,"11":2,"12":2,"13":1,"14":2,"15":2,"16":2,"17":2,"18":2,"19":0,"20":2,"21":1,"22":1,"23":1,"24":1,"25":1,"26":0,"27":0,"28":1,"29":1,"30":2,"31":0,"32":0,"33":0,"34":1,"35":2,"36":2,"37":2,"38":2,"39":2,"40":2,"41":0,"42":2,"43":2,"44":2,"45":1,"46":3,"47":1,"48":1,"49":1,"50":1,"51":1,"52":1,"53":1,"54":1,"55":1,"56":1,"57":0,"58":1,"59":6,"60":6,"61":1,"62":2,"63":0,"64":2,"65":1,"66":1,"67":0,"68":0,"69":0,"70":0,"71":0,"72":0,"73":0,"74":0,"75":0,"76":0,"77":0,"78":0,"79":0,"80":0,"81":0,"82":0,"83":0},"b":{"1":[2,1,1,1],"2":[1,1,1,1],"3":[1,1],"4":[2,2],"5":[1,1],"6":[1,1],"7":[2,0],"8":[2,1,1,1,1,1],"9":[0,2,0],"10":[1,1],"11":[2,1,1],"12":[1,0],"13":[0,2],"14":[2,0,0,0,0,0,0],"15":[0,2],"16":[2,0],"17":[1,1],"18":[0,1],"19":[1,2,0,2],"20":[1,0],"21":[1,1],"22":[0,0],"23":[0,0],"24":[0,0],"25":[0,0],"26":[0,0],"27":[0,0],"28":[0,0]},"f":{"1":2,"2":2,"3":2,"4":2,"5":2,"6":2,"7":2,"8":2,"9":3,"10":1,"11":6,"12":0},"fnMap":{"1":{"name":"(anonymous_1)","line":26,"loc":{"start":{"line":26,"column":1},"end":{"line":26,"column":13}}},"2":{"name":"(anonymous_2)","line":33,"loc":{"start":{"line":33,"column":5},"end":{"line":33,"column":17}}},"3":{"name":"(anonymous_3)","line":37,"loc":{"start":{"line":37,"column":24},"end":{"line":37,"column":36}}},"4":{"name":"(anonymous_4)","line":69,"loc":{"start":{"line":69,"column":31},"end":{"line":69,"column":48}},"skip":true},"5":{"name":"(anonymous_5)","line":78,"loc":{"start":{"line":78,"column":26},"end":{"line":78,"column":45}},"skip":true},"6":{"name":"(anonymous_6)","line":123,"loc":{"start":{"line":123,"column":33},"end":{"line":123,"column":48}},"skip":true},"7":{"name":"(anonymous_7)","line":125,"loc":{"start":{"line":125,"column":27},"end":{"line":125,"column":39}},"skip":true},"8":{"name":"(anonymous_8)","line":133,"loc":{"start":{"line":133,"column":59},"end":{"line":133,"column":74}},"skip":true},"9":{"name":"(anonymous_9)","line":143,"loc":{"start":{"line":143,"column":45},"end":{"line":143,"column":62}},"skip":true},"10":{"name":"(anonymous_10)","line":144,"loc":{"start":{"line":144,"column":73},"end":{"line":144,"column":92}},"skip":true},"11":{"name":"(anonymous_11)","line":272,"loc":{"start":{"line":272,"column":51},"end":{"line":272,"column":77}},"skip":true},"12":{"name":"(anonymous_12)","line":314,"loc":{"start":{"line":314,"column":32},"end":{"line":314,"column":61}},"skip":true}},"statementMap":{"1":{"start":{"line":26,"column":0},"end":{"line":325,"column":5}},"2":{"start":{"line":28,"column":4},"end":{"line":28,"column":14}},"3":{"start":{"line":33,"column":4},"end":{"line":60,"column":9}},"4":{"start":{"line":35,"column":8},"end":{"line":35,"column":19}},"5":{"start":{"line":37,"column":8},"end":{"line":49,"column":13}},"6":{"start":{"line":38,"column":12},"end":{"line":48,"column":13}},"7":{"start":{"line":39,"column":16},"end":{"line":42,"column":30}},"8":{"start":{"line":44,"column":16},"end":{"line":47,"column":27}},"9":{"start":{"line":51,"column":8},"end":{"line":53,"column":21}},"10":{"start":{"line":55,"column":8},"end":{"line":57,"column":45}},"11":{"start":{"line":59,"column":8},"end":{"line":59,"column":35}},"12":{"start":{"line":61,"column":4},"end":{"line":324,"column":5}},"13":{"start":{"line":69,"column":8},"end":{"line":121,"column":10},"skip":true},"14":{"start":{"line":70,"column":12},"end":{"line":88,"column":13},"skip":true},"15":{"start":{"line":76,"column":16},"end":{"line":87,"column":19},"skip":true},"16":{"start":{"line":79,"column":20},"end":{"line":86,"column":21},"skip":true},"17":{"start":{"line":82,"column":24},"end":{"line":82,"column":43},"skip":true},"18":{"start":{"line":83,"column":24},"end":{"line":83,"column":30},"skip":true},"19":{"start":{"line":85,"column":24},"end":{"line":85,"column":49},"skip":true},"20":{"start":{"line":89,"column":12},"end":{"line":107,"column":13},"skip":true},"21":{"start":{"line":92,"column":16},"end":{"line":102,"column":17},"skip":true},"22":{"start":{"line":93,"column":20},"end":{"line":93,"column":86},"skip":true},"23":{"start":{"line":94,"column":20},"end":{"line":95,"column":45},"skip":true},"24":{"start":{"line":96,"column":20},"end":{"line":96,"column":42},"skip":true},"25":{"start":{"line":97,"column":20},"end":{"line":97,"column":48},"skip":true},"26":{"start":{"line":100,"column":20},"end":{"line":100,"column":85},"skip":true},"27":{"start":{"line":101,"column":20},"end":{"line":101,"column":96},"skip":true},"28":{"start":{"line":103,"column":16},"end":{"line":103,"column":22},"skip":true},"29":{"start":{"line":106,"column":16},"end":{"line":106,"column":22},"skip":true},"30":{"start":{"line":108,"column":12},"end":{"line":120,"column":13},"skip":true},"31":{"start":{"line":114,"column":16},"end":{"line":119,"column":17},"skip":true},"32":{"start":{"line":116,"column":20},"end":{"line":116,"column":78},"skip":true},"33":{"start":{"line":118,"column":20},"end":{"line":118,"column":47},"skip":true},"34":{"start":{"line":123,"column":8},"end":{"line":141,"column":11},"skip":true},"35":{"start":{"line":124,"column":12},"end":{"line":124,"column":54},"skip":true},"36":{"start":{"line":125,"column":12},"end":{"line":140,"column":14},"skip":true},"37":{"start":{"line":126,"column":16},"end":{"line":126,"column":28},"skip":true},"38":{"start":{"line":127,"column":16},"end":{"line":127,"column":69},"skip":true},"39":{"start":{"line":128,"column":16},"end":{"line":128,"column":75},"skip":true},"40":{"start":{"line":129,"column":16},"end":{"line":131,"column":17},"skip":true},"41":{"start":{"line":130,"column":20},"end":{"line":130,"column":27},"skip":true},"42":{"start":{"line":133,"column":16},"end":{"line":137,"column":36},"skip":true},"43":{"start":{"line":134,"column":20},"end":{"line":136,"column":55},"skip":true},"44":{"start":{"line":139,"column":16},"end":{"line":139,"column":57},"skip":true},"45":{"start":{"line":143,"column":8},"end":{"line":147,"column":11},"skip":true},"46":{"start":{"line":144,"column":12},"end":{"line":146,"column":15},"skip":true},"47":{"start":{"line":145,"column":16},"end":{"line":145,"column":70},"skip":true},"48":{"start":{"line":149,"column":8},"end":{"line":149,"column":31},"skip":true},"49":{"start":{"line":150,"column":8},"end":{"line":150,"column":14},"skip":true},"50":{"start":{"line":158,"column":8},"end":{"line":158,"column":31},"skip":true},"51":{"start":{"line":160,"column":8},"end":{"line":160,"column":33},"skip":true},"52":{"start":{"line":161,"column":8},"end":{"line":161,"column":37},"skip":true},"53":{"start":{"line":162,"column":8},"end":{"line":162,"column":35},"skip":true},"54":{"start":{"line":164,"column":8},"end":{"line":164,"column":50},"skip":true},"55":{"start":{"line":166,"column":8},"end":{"line":256,"column":2},"skip":true},"56":{"start":{"line":258,"column":8},"end":{"line":286,"column":9},"skip":true},"57":{"start":{"line":259,"column":12},"end":{"line":269,"column":14},"skip":true},"58":{"start":{"line":271,"column":12},"end":{"line":285,"column":19},"skip":true},"59":{"start":{"line":274,"column":20},"end":{"line":274,"column":35},"skip":true},"60":{"start":{"line":275,"column":20},"end":{"line":284,"column":21},"skip":true},"61":{"start":{"line":277,"column":24},"end":{"line":277,"column":64},"skip":true},"62":{"start":{"line":279,"column":24},"end":{"line":279,"column":40},"skip":true},"63":{"start":{"line":281,"column":24},"end":{"line":281,"column":40},"skip":true},"64":{"start":{"line":283,"column":24},"end":{"line":283,"column":39},"skip":true},"65":{"start":{"line":288,"column":8},"end":{"line":290,"column":9},"skip":true},"66":{"start":{"line":289,"column":12},"end":{"line":289,"column":18},"skip":true},"67":{"start":{"line":291,"column":8},"end":{"line":293,"column":54},"skip":true},"68":{"start":{"line":294,"column":8},"end":{"line":301,"column":37},"skip":true},"69":{"start":{"line":302,"column":8},"end":{"line":302,"column":82},"skip":true},"70":{"start":{"line":305,"column":8},"end":{"line":307,"column":9},"skip":true},"71":{"start":{"line":306,"column":12},"end":{"line":306,"column":82},"skip":true},"72":{"start":{"line":309,"column":8},"end":{"line":311,"column":9},"skip":true},"73":{"start":{"line":310,"column":12},"end":{"line":310,"column":18},"skip":true},"74":{"start":{"line":312,"column":8},"end":{"line":312,"column":54},"skip":true},"75":{"start":{"line":313,"column":8},"end":{"line":313,"column":69},"skip":true},"76":{"start":{"line":314,"column":8},"end":{"line":322,"column":36},"skip":true},"77":{"start":{"line":315,"column":12},"end":{"line":315,"column":61},"skip":true},"78":{"start":{"line":316,"column":12},"end":{"line":319,"column":13},"skip":true},"79":{"start":{"line":317,"column":16},"end":{"line":317,"column":75},"skip":true},"80":{"start":{"line":318,"column":16},"end":{"line":318,"column":23},"skip":true},"81":{"start":{"line":320,"column":12},"end":{"line":320,"column":38},"skip":true},"82":{"start":{"line":321,"column":12},"end":{"line":321,"column":27},"skip":true},"83":{"start":{"line":323,"column":8},"end":{"line":323,"column":14},"skip":true}},"branchMap":{"1":{"line":39,"type":"binary-expr","locations":[{"start":{"line":39,"column":23},"end":{"line":39,"column":62}},{"start":{"line":40,"column":20},"end":{"line":40,"column":70}},{"start":{"line":41,"column":20},"end":{"line":41,"column":71}},{"start":{"line":42,"column":20},"end":{"line":42,"column":29}}]},"2":{"line":44,"type":"binary-expr","locations":[{"start":{"line":44,"column":23},"end":{"line":44,"column":37}},{"start":{"line":45,"column":20},"end":{"line":45,"column":61}},{"start":{"line":46,"column":20},"end":{"line":46,"column":70}},{"start":{"line":47,"column":20},"end":{"line":47,"column":26}}]},"3":{"line":51,"type":"cond-expr","locations":[{"start":{"line":52,"column":14},"end":{"line":52,"column":20}},{"start":{"line":53,"column":14},"end":{"line":53,"column":20}}]},"4":{"line":55,"type":"binary-expr","locations":[{"start":{"line":55,"column":16},"end":{"line":55,"column":44}},{"start":{"line":55,"column":49},"end":{"line":57,"column":43}}]},"5":{"line":55,"type":"cond-expr","locations":[{"start":{"line":56,"column":14},"end":{"line":56,"column":63}},{"start":{"line":57,"column":14},"end":{"line":57,"column":43}}]},"6":{"line":61,"type":"switch","locations":[{"start":{"line":68,"column":4},"end":{"line":150,"column":14},"skip":true},{"start":{"line":156,"column":4},"end":{"line":323,"column":14},"skip":true}]},"7":{"line":70,"type":"if","locations":[{"start":{"line":70,"column":12},"end":{"line":70,"column":12},"skip":true},{"start":{"line":70,"column":12},"end":{"line":70,"column":12},"skip":true}]},"8":{"line":70,"type":"binary-expr","locations":[{"start":{"line":70,"column":16},"end":{"line":70,"column":22},"skip":true},{"start":{"line":70,"column":27},"end":{"line":70,"column":32},"skip":true},{"start":{"line":71,"column":20},"end":{"line":71,"column":39},"skip":true},{"start":{"line":72,"column":20},"end":{"line":72,"column":49},"skip":true},{"start":{"line":73,"column":20},"end":{"line":73,"column":58},"skip":true},{"start":{"line":74,"column":20},"end":{"line":74,"column":69},"skip":true}]},"9":{"line":79,"type":"switch","locations":[{"start":{"line":80,"column":20},"end":{"line":80,"column":33},"skip":true},{"start":{"line":81,"column":20},"end":{"line":83,"column":30},"skip":true},{"start":{"line":84,"column":20},"end":{"line":85,"column":49},"skip":true}]},"10":{"line":89,"type":"switch","locations":[{"start":{"line":90,"column":12},"end":{"line":103,"column":22},"skip":true},{"start":{"line":105,"column":12},"end":{"line":106,"column":22},"skip":true}]},"11":{"line":89,"type":"binary-expr","locations":[{"start":{"line":89,"column":20},"end":{"line":89,"column":25},"skip":true},{"start":{"line":89,"column":29},"end":{"line":89,"column":48},"skip":true},{"start":{"line":89,"column":52},"end":{"line":89,"column":74},"skip":true}]},"12":{"line":92,"type":"if","locations":[{"start":{"line":92,"column":16},"end":{"line":92,"column":16},"skip":true},{"start":{"line":92,"column":16},"end":{"line":92,"column":16},"skip":true}]},"13":{"line":108,"type":"if","locations":[{"start":{"line":108,"column":12},"end":{"line":108,"column":12},"skip":true},{"start":{"line":108,"column":12},"end":{"line":108,"column":12},"skip":true}]},"14":{"line":108,"type":"binary-expr","locations":[{"start":{"line":108,"column":16},"end":{"line":108,"column":61},"skip":true},{"start":{"line":108,"column":66},"end":{"line":108,"column":72},"skip":true},{"start":{"line":108,"column":77},"end":{"line":108,"column":82},"skip":true},{"start":{"line":109,"column":20},"end":{"line":109,"column":39},"skip":true},{"start":{"line":110,"column":20},"end":{"line":110,"column":49},"skip":true},{"start":{"line":111,"column":20},"end":{"line":111,"column":58},"skip":true},{"start":{"line":112,"column":20},"end":{"line":112,"column":68},"skip":true}]},"15":{"line":129,"type":"if","locations":[{"start":{"line":129,"column":16},"end":{"line":129,"column":16},"skip":true},{"start":{"line":129,"column":16},"end":{"line":129,"column":16},"skip":true}]},"16":{"line":134,"type":"cond-expr","locations":[{"start":{"line":135,"column":26},"end":{"line":135,"column":29},"skip":true},{"start":{"line":136,"column":26},"end":{"line":136,"column":54},"skip":true}]},"17":{"line":164,"type":"binary-expr","locations":[{"start":{"line":164,"column":27},"end":{"line":164,"column":43},"skip":true},{"start":{"line":164,"column":47},"end":{"line":164,"column":49},"skip":true}]},"18":{"line":258,"type":"if","locations":[{"start":{"line":258,"column":8},"end":{"line":258,"column":8},"skip":true},{"start":{"line":258,"column":8},"end":{"line":258,"column":8},"skip":true}]},"19":{"line":275,"type":"switch","locations":[{"start":{"line":276,"column":20},"end":{"line":277,"column":64},"skip":true},{"start":{"line":278,"column":20},"end":{"line":279,"column":40},"skip":true},{"start":{"line":280,"column":20},"end":{"line":281,"column":40},"skip":true},{"start":{"line":282,"column":20},"end":{"line":283,"column":39},"skip":true}]},"20":{"line":288,"type":"if","locations":[{"start":{"line":288,"column":8},"end":{"line":288,"column":8},"skip":true},{"start":{"line":288,"column":8},"end":{"line":288,"column":8},"skip":true}]},"21":{"line":288,"type":"binary-expr","locations":[{"start":{"line":288,"column":12},"end":{"line":288,"column":40},"skip":true},{"start":{"line":288,"column":44},"end":{"line":288,"column":67},"skip":true}]},"22":{"line":292,"type":"binary-expr","locations":[{"start":{"line":292,"column":12},"end":{"line":292,"column":50},"skip":true},{"start":{"line":293,"column":12},"end":{"line":293,"column":53},"skip":true}]},"23":{"line":295,"type":"binary-expr","locations":[{"start":{"line":295,"column":12},"end":{"line":295,"column":77},"skip":true},{"start":{"line":296,"column":12},"end":{"line":301,"column":36},"skip":true}]},"24":{"line":302,"type":"binary-expr","locations":[{"start":{"line":302,"column":43},"end":{"line":302,"column":75},"skip":true},{"start":{"line":302,"column":79},"end":{"line":302,"column":81},"skip":true}]},"25":{"line":305,"type":"if","locations":[{"start":{"line":305,"column":8},"end":{"line":305,"column":8},"skip":true},{"start":{"line":305,"column":8},"end":{"line":305,"column":8},"skip":true}]},"26":{"line":309,"type":"if","locations":[{"start":{"line":309,"column":8},"end":{"line":309,"column":8},"skip":true},{"start":{"line":309,"column":8},"end":{"line":309,"column":8},"skip":true}]},"27":{"line":312,"type":"binary-expr","locations":[{"start":{"line":312,"column":27},"end":{"line":312,"column":43},"skip":true},{"start":{"line":312,"column":47},"end":{"line":312,"column":53},"skip":true}]},"28":{"line":316,"type":"if","locations":[{"start":{"line":316,"column":12},"end":{"line":316,"column":12},"skip":true},{"start":{"line":316,"column":12},"end":{"line":316,"column":12},"skip":true}]}},"code":["/*","example.js","","quickstart example","","instruction","    1. save this script as example.js","    2. run the shell command:","        $ npm install npmtest-applicationinsights && PORT=8081 node example.js","    3. play with the browser-demo on http://127.0.0.1:8081","*/","","","","/* istanbul instrument in package npmtest_applicationinsights */","/*jslint","    bitwise: true,","    browser: true,","    maxerr: 8,","    maxlen: 96,","    node: true,","    nomen: true,","    regexp: true,","    stupid: true","*/","(function () {","    'use strict';","    var local;","","","","    // run shared js-env code - pre-init","    (function () {","        // init local","        local = {};","        // init modeJs","        local.modeJs = (function () {","            try {","                return typeof navigator.userAgent === 'string' &&","                    typeof document.querySelector('body') === 'object' &&","                    typeof XMLHttpRequest.prototype.open === 'function' &&","                    'browser';","            } catch (errorCaughtBrowser) {","                return module.exports &&","                    typeof process.versions.node === 'string' &&","                    typeof require('http').createServer === 'function' &&","                    'node';","            }","        }());","        // init global","        local.global = local.modeJs === 'browser'","            ? window","            : global;","        // init utility2_rollup","        local = local.global.utility2_rollup || (local.modeJs === 'browser'","            ? local.global.utility2_npmtest_applicationinsights","            : global.utility2_moduleExports);","        // export local","        local.global.local = local;","    }());","    switch (local.modeJs) {","","","","    // post-init","    // run browser js-env code - post-init","    /* istanbul ignore next */","    case 'browser':","        local.testRunBrowser = function (event) {","            if (!event || (event &&","                    event.currentTarget &&","                    event.currentTarget.className &&","                    event.currentTarget.className.includes &&","                    event.currentTarget.className.includes('onreset'))) {","                // reset output","                Array.from(","                    document.querySelectorAll('body > .resettable')","                ).forEach(function (element) {","                    switch (element.tagName) {","                    case 'INPUT':","                    case 'TEXTAREA':","                        element.value = '';","                        break;","                    default:","                        element.textContent = '';","                    }","                });","            }","            switch (event && event.currentTarget && event.currentTarget.id) {","            case 'testRunButton1':","                // show tests","                if (document.querySelector('#testReportDiv1').style.display === 'none') {","                    document.querySelector('#testReportDiv1').style.display = 'block';","                    document.querySelector('#testRunButton1').textContent =","                        'hide internal test';","                    local.modeTest = true;","                    local.testRunDefault(local);","                // hide tests","                } else {","                    document.querySelector('#testReportDiv1').style.display = 'none';","                    document.querySelector('#testRunButton1').textContent = 'run internal test';","                }","                break;","            // custom-case","            default:","                break;","            }","            if (document.querySelector('#inputTextareaEval1') && (!event || (event &&","                    event.currentTarget &&","                    event.currentTarget.className &&","                    event.currentTarget.className.includes &&","                    event.currentTarget.className.includes('oneval')))) {","                // try to eval input-code","                try {","                    /*jslint evil: true*/","                    eval(document.querySelector('#inputTextareaEval1').value);","                } catch (errorCaught) {","                    console.error(errorCaught);","                }","            }","        };","        // log stderr and stdout to #outputTextareaStdout1","        ['error', 'log'].forEach(function (key) {","            console[key + '_original'] = console[key];","            console[key] = function () {","                var element;","                console[key + '_original'].apply(console, arguments);","                element = document.querySelector('#outputTextareaStdout1');","                if (!element) {","                    return;","                }","                // append text to #outputTextareaStdout1","                element.value += Array.from(arguments).map(function (arg) {","                    return typeof arg === 'string'","                        ? arg","                        : JSON.stringify(arg, null, 4);","                }).join(' ') + '\\n';","                // scroll textarea to bottom","                element.scrollTop = element.scrollHeight;","            };","        });","        // init event-handling","        ['change', 'click', 'keyup'].forEach(function (event) {","            Array.from(document.querySelectorAll('.on' + event)).forEach(function (element) {","                element.addEventListener(event, local.testRunBrowser);","            });","        });","        // run tests","        local.testRunBrowser();","        break;","","","","    // run node js-env code - post-init","    /* istanbul ignore next */","    case 'node':","        // export local","        module.exports = local;","        // require modules","        local.fs = require('fs');","        local.http = require('http');","        local.url = require('url');","        // init assets","        local.assetsDict = local.assetsDict || {};","        /* jslint-ignore-begin */","        local.assetsDict['/assets.index.template.html'] = '\\","<!doctype html>\\n\\","<html lang=\"en\">\\n\\","<head>\\n\\","<meta charset=\"UTF-8\">\\n\\","<meta name=\"viewport\" content=\"width=device-width, initial-scale=1\">\\n\\","<title>{{env.npm_package_name}} (v{{env.npm_package_version}})</title>\\n\\","<style>\\n\\","/*csslint\\n\\","    box-sizing: false,\\n\\","    universal-selector: false\\n\\","*/\\n\\","* {\\n\\","    box-sizing: border-box;\\n\\","}\\n\\","body {\\n\\","    background: #dde;\\n\\","    font-family: Arial, Helvetica, sans-serif;\\n\\","    margin: 2rem;\\n\\","}\\n\\","body > * {\\n\\","    margin-bottom: 1rem;\\n\\","}\\n\\",".utility2FooterDiv {\\n\\","    margin-top: 20px;\\n\\","    text-align: center;\\n\\","}\\n\\","</style>\\n\\","<style>\\n\\","/*csslint\\n\\","*/\\n\\","textarea {\\n\\","    font-family: monospace;\\n\\","    height: 10rem;\\n\\","    width: 100%;\\n\\","}\\n\\","textarea[readonly] {\\n\\","    background: #ddd;\\n\\","}\\n\\","</style>\\n\\","</head>\\n\\","<body>\\n\\","<!-- utility2-comment\\n\\","<div id=\"ajaxProgressDiv1\" style=\"background: #d00; height: 2px; left: 0; margin: 0; padding: 0; position: fixed; top: 0; transition: background 0.5s, width 1.5s; width: 25%;\"></div>\\n\\","utility2-comment -->\\n\\","<h1>\\n\\","<!-- utility2-comment\\n\\","    <a\\n\\","        {{#if env.npm_package_homepage}}\\n\\","        href=\"{{env.npm_package_homepage}}\"\\n\\","        {{/if env.npm_package_homepage}}\\n\\","        target=\"_blank\"\\n\\","    >\\n\\","utility2-comment -->\\n\\","        {{env.npm_package_name}} (v{{env.npm_package_version}})\\n\\","<!-- utility2-comment\\n\\","    </a>\\n\\","utility2-comment -->\\n\\","</h1>\\n\\","<h3>{{env.npm_package_description}}</h3>\\n\\","<!-- utility2-comment\\n\\","<h4><a download href=\"assets.app.js\">download standalone app</a></h4>\\n\\","<button class=\"onclick onreset\" id=\"testRunButton1\">run internal test</button><br>\\n\\","<div id=\"testReportDiv1\" style=\"display: none;\"></div>\\n\\","utility2-comment -->\\n\\","\\n\\","\\n\\","\\n\\","<label>stderr and stdout</label>\\n\\","<textarea class=\"resettable\" id=\"outputTextareaStdout1\" readonly></textarea>\\n\\","<!-- utility2-comment\\n\\","{{#if isRollup}}\\n\\","<script src=\"assets.app.js\"></script>\\n\\","{{#unless isRollup}}\\n\\","utility2-comment -->\\n\\","<script src=\"assets.utility2.rollup.js\"></script>\\n\\","<script src=\"jsonp.utility2._stateInit?callback=window.utility2._stateInit\"></script>\\n\\","<script src=\"assets.npmtest_applicationinsights.rollup.js\"></script>\\n\\","<script src=\"assets.example.js\"></script>\\n\\","<script src=\"assets.test.js\"></script>\\n\\","<!-- utility2-comment\\n\\","{{/if isRollup}}\\n\\","utility2-comment -->\\n\\","<div class=\"utility2FooterDiv\">\\n\\","    [ this app was created with\\n\\","    <a href=\"https://github.com/kaizhu256/node-utility2\" target=\"_blank\">utility2</a>\\n\\","    ]\\n\\","</div>\\n\\","</body>\\n\\","</html>\\n\\","';","        /* jslint-ignore-end */","        if (local.templateRender) {","            local.assetsDict['/'] = local.templateRender(","                local.assetsDict['/assets.index.template.html'],","                {","                    env: local.objectSetDefault(local.env, {","                        npm_package_description: 'the greatest app in the world!',","                        npm_package_name: 'my-app',","                        npm_package_nameAlias: 'my_app',","                        npm_package_version: '0.0.1'","                    })","                }","            );","        } else {","            local.assetsDict['/'] = local.assetsDict['/assets.index.template.html']","                .replace((/\\{\\{env\\.(\\w+?)\\}\\}/g), function (match0, match1) {","                    // jslint-hack","                    String(match0);","                    switch (match1) {","                    case 'npm_package_description':","                        return 'the greatest app in the world!';","                    case 'npm_package_name':","                        return 'my-app';","                    case 'npm_package_nameAlias':","                        return 'my_app';","                    case 'npm_package_version':","                        return '0.0.1';","                    }","                });","        }","        // run the cli","        if (local.global.utility2_rollup || module !== require.main) {","            break;","        }","        local.assetsDict['/assets.example.js'] =","            local.assetsDict['/assets.example.js'] ||","            local.fs.readFileSync(__filename, 'utf8');","        local.assetsDict['/assets.npmtest_applicationinsights.rollup.js'] =","            local.assetsDict['/assets.npmtest_applicationinsights.rollup.js'] ||","            local.fs.readFileSync(","                // buildCustomOrg-hack","                local.npmtest_applicationinsights.__dirname +","                    '/lib.npmtest_applicationinsights.js',","                'utf8'","            ).replace((/^#!/), '//');","        local.assetsDict['/favicon.ico'] = local.assetsDict['/favicon.ico'] || '';","        // if $npm_config_timeout_exit exists,","        // then exit this process after $npm_config_timeout_exit ms","        if (Number(process.env.npm_config_timeout_exit)) {","            setTimeout(process.exit, Number(process.env.npm_config_timeout_exit));","        }","        // start server","        if (local.global.utility2_serverHttp1) {","            break;","        }","        process.env.PORT = process.env.PORT || '8081';","        console.error('server starting on port ' + process.env.PORT);","        local.http.createServer(function (request, response) {","            request.urlParsed = local.url.parse(request.url);","            if (local.assetsDict[request.urlParsed.pathname] !== undefined) {","                response.end(local.assetsDict[request.urlParsed.pathname]);","                return;","            }","            response.statusCode = 404;","            response.end();","        }).listen(process.env.PORT);","        break;","    }","}());",""],"l":{"26":2,"28":2,"33":2,"35":2,"37":2,"38":2,"39":2,"44":1,"51":2,"55":2,"59":2,"61":2,"69":1,"70":2,"76":2,"79":2,"82":2,"83":2,"85":1,"89":2,"92":1,"93":1,"94":1,"96":1,"97":1,"100":1,"101":1,"103":1,"106":1,"108":2,"114":1,"116":1,"118":1,"123":1,"124":2,"125":2,"126":2,"127":2,"128":2,"129":2,"130":1,"133":2,"134":2,"139":2,"143":1,"144":3,"145":1,"149":1,"150":1,"158":1,"160":1,"161":1,"162":1,"164":1,"166":1,"258":1,"259":1,"271":1,"274":6,"275":6,"277":1,"279":2,"281":1,"283":2,"288":1,"289":1,"291":1,"294":1,"302":1,"305":1,"306":1,"309":1,"310":1,"312":1,"313":1,"314":1,"315":1,"316":1,"317":1,"318":1,"320":1,"321":1,"323":1}},"/home/travis/build/npmtest/node-npmtest-applicationinsights/node_modules/applicationinsights/applicationinsights.js":{"path":"/home/travis/build/npmtest/node-npmtest-applicationinsights/node_modules/applicationinsights/applicationinsights.js","s":{"1":1,"2":1,"3":1,"4":1,"5":1,"6":1,"7":1,"8":1,"9":1,"10":1,"11":1,"12":0,"13":1,"14":0,"15":0,"16":0,"17":0,"18":0,"19":0,"20":0,"21":0,"22":0,"23":0,"24":0,"25":1,"26":0,"27":0,"28":0,"29":0,"30":0,"31":0,"32":0,"33":0,"34":0,"35":0,"36":1,"37":0,"38":0,"39":0,"40":1,"41":0,"42":1,"43":0,"44":0,"45":0,"46":0,"47":1,"48":0,"49":0,"50":0,"51":0,"52":1,"53":0,"54":0,"55":0,"56":0,"57":1,"58":0,"59":0,"60":0,"61":0,"62":1,"63":0,"64":0,"65":0,"66":0,"67":1,"68":0,"69":0,"70":0,"71":0,"72":1,"73":0,"74":0,"75":0,"76":0,"77":1,"78":0,"79":0,"80":0,"81":0,"82":0,"83":1,"84":0,"85":0,"86":0,"87":1,"88":0,"89":0,"90":0,"91":0,"92":0,"93":0,"94":0,"95":0,"96":0,"97":0,"98":0,"99":0,"100":1,"101":1,"102":1,"103":1,"104":1,"105":1,"106":1,"107":1,"108":1,"109":1},"b":{"1":[0,0],"2":[0,0],"3":[0,0],"4":[0,0],"5":[0,0],"6":[0,0],"7":[0,0],"8":[0,0],"9":[0,0],"10":[0,0],"11":[0,0],"12":[0,0],"13":[0,0],"14":[0,0],"15":[0,0],"16":[0,0],"17":[0,0],"18":[0,0],"19":[0,0]},"f":{"1":1,"2":0,"3":0,"4":0,"5":0,"6":0,"7":0,"8":0,"9":0,"10":0,"11":0,"12":0,"13":0,"14":0,"15":0,"16":0,"17":0},"fnMap":{"1":{"name":"(anonymous_1)","line":14,"loc":{"start":{"line":14,"column":27},"end":{"line":14,"column":39}}},"2":{"name":"ApplicationInsights","line":15,"loc":{"start":{"line":15,"column":4},"end":{"line":15,"column":35}}},"3":{"name":"(anonymous_3)","line":22,"loc":{"start":{"line":22,"column":36},"end":{"line":22,"column":66}}},"4":{"name":"(anonymous_4)","line":31,"loc":{"start":{"line":31,"column":32},"end":{"line":31,"column":62}}},"5":{"name":"(anonymous_5)","line":52,"loc":{"start":{"line":52,"column":32},"end":{"line":52,"column":44}}},"6":{"name":"(anonymous_6)","line":78,"loc":{"start":{"line":78,"column":48},"end":{"line":78,"column":60}}},"7":{"name":"(anonymous_7)","line":88,"loc":{"start":{"line":88,"column":53},"end":{"line":88,"column":67}}},"8":{"name":"(anonymous_8)","line":96,"loc":{"start":{"line":96,"column":48},"end":{"line":96,"column":65}}},"9":{"name":"(anonymous_9)","line":108,"loc":{"start":{"line":108,"column":51},"end":{"line":108,"column":68}}},"10":{"name":"(anonymous_10)","line":120,"loc":{"start":{"line":120,"column":52},"end":{"line":120,"column":69}}},"11":{"name":"(anonymous_11)","line":132,"loc":{"start":{"line":132,"column":49},"end":{"line":132,"column":66}}},"12":{"name":"(anonymous_12)","line":144,"loc":{"start":{"line":144,"column":53},"end":{"line":144,"column":70}}},"13":{"name":"(anonymous_13)","line":156,"loc":{"start":{"line":156,"column":55},"end":{"line":156,"column":72}}},"14":{"name":"(anonymous_14)","line":169,"loc":{"start":{"line":169,"column":41},"end":{"line":169,"column":74}}},"15":{"name":"(anonymous_15)","line":180,"loc":{"start":{"line":180,"column":47},"end":{"line":180,"column":79}}},"16":{"name":"(anonymous_16)","line":189,"loc":{"start":{"line":189,"column":48},"end":{"line":189,"column":60}}},"17":{"name":"(anonymous_17)","line":197,"loc":{"start":{"line":197,"column":34},"end":{"line":197,"column":46}}}},"statementMap":{"1":{"start":{"line":2,"column":0},"end":{"line":2,"column":86}},"2":{"start":{"line":3,"column":0},"end":{"line":3,"column":61}},"3":{"start":{"line":4,"column":0},"end":{"line":4,"column":67}},"4":{"start":{"line":5,"column":0},"end":{"line":5,"column":69}},"5":{"start":{"line":6,"column":0},"end":{"line":6,"column":75}},"6":{"start":{"line":7,"column":0},"end":{"line":7,"column":75}},"7":{"start":{"line":8,"column":0},"end":{"line":8,"column":41}},"8":{"start":{"line":9,"column":0},"end":{"line":9,"column":43}},"9":{"start":{"line":14,"column":0},"end":{"line":225,"column":5}},"10":{"start":{"line":15,"column":4},"end":{"line":16,"column":5}},"11":{"start":{"line":22,"column":4},"end":{"line":24,"column":6}},"12":{"start":{"line":23,"column":8},"end":{"line":23,"column":46}},"13":{"start":{"line":31,"column":4},"end":{"line":47,"column":6}},"14":{"start":{"line":32,"column":8},"end":{"line":42,"column":9}},"15":{"start":{"line":33,"column":12},"end":{"line":33,"column":91}},"16":{"start":{"line":34,"column":12},"end":{"line":34,"column":94}},"17":{"start":{"line":35,"column":12},"end":{"line":35,"column":100}},"18":{"start":{"line":36,"column":12},"end":{"line":36,"column":102}},"19":{"start":{"line":37,"column":12},"end":{"line":37,"column":108}},"20":{"start":{"line":38,"column":12},"end":{"line":38,"column":108}},"21":{"start":{"line":41,"column":12},"end":{"line":41,"column":64}},"22":{"start":{"line":43,"column":8},"end":{"line":45,"column":9}},"23":{"start":{"line":44,"column":12},"end":{"line":44,"column":98}},"24":{"start":{"line":46,"column":8},"end":{"line":46,"column":35}},"25":{"start":{"line":52,"column":4},"end":{"line":66,"column":6}},"26":{"start":{"line":53,"column":8},"end":{"line":64,"column":9}},"27":{"start":{"line":54,"column":12},"end":{"line":54,"column":50}},"28":{"start":{"line":55,"column":12},"end":{"line":55,"column":80}},"29":{"start":{"line":56,"column":12},"end":{"line":56,"column":86}},"30":{"start":{"line":57,"column":12},"end":{"line":57,"column":88}},"31":{"start":{"line":58,"column":12},"end":{"line":58,"column":103}},"32":{"start":{"line":59,"column":12},"end":{"line":59,"column":88}},"33":{"start":{"line":60,"column":12},"end":{"line":60,"column":92}},"34":{"start":{"line":63,"column":12},"end":{"line":63,"column":64}},"35":{"start":{"line":65,"column":8},"end":{"line":65,"column":35}},"36":{"start":{"line":78,"column":4},"end":{"line":83,"column":6}},"37":{"start":{"line":79,"column":8},"end":{"line":81,"column":9}},"38":{"start":{"line":80,"column":12},"end":{"line":80,"column":91}},"39":{"start":{"line":82,"column":8},"end":{"line":82,"column":20}},"40":{"start":{"line":88,"column":4},"end":{"line":90,"column":6}},"41":{"start":{"line":89,"column":8},"end":{"line":89,"column":84}},"42":{"start":{"line":96,"column":4},"end":{"line":102,"column":6}},"43":{"start":{"line":97,"column":8},"end":{"line":97,"column":47}},"44":{"start":{"line":98,"column":8},"end":{"line":100,"column":9}},"45":{"start":{"line":99,"column":12},"end":{"line":99,"column":55}},"46":{"start":{"line":101,"column":8},"end":{"line":101,"column":35}},"47":{"start":{"line":108,"column":4},"end":{"line":114,"column":6}},"48":{"start":{"line":109,"column":8},"end":{"line":109,"column":50}},"49":{"start":{"line":110,"column":8},"end":{"line":112,"column":9}},"50":{"start":{"line":111,"column":12},"end":{"line":111,"column":58}},"51":{"start":{"line":113,"column":8},"end":{"line":113,"column":35}},"52":{"start":{"line":120,"column":4},"end":{"line":126,"column":6}},"53":{"start":{"line":121,"column":8},"end":{"line":121,"column":51}},"54":{"start":{"line":122,"column":8},"end":{"line":124,"column":9}},"55":{"start":{"line":123,"column":12},"end":{"line":123,"column":59}},"56":{"start":{"line":125,"column":8},"end":{"line":125,"column":35}},"57":{"start":{"line":132,"column":4},"end":{"line":138,"column":6}},"58":{"start":{"line":133,"column":8},"end":{"line":133,"column":48}},"59":{"start":{"line":134,"column":8},"end":{"line":136,"column":9}},"60":{"start":{"line":135,"column":12},"end":{"line":135,"column":62}},"61":{"start":{"line":137,"column":8},"end":{"line":137,"column":35}},"62":{"start":{"line":144,"column":4},"end":{"line":150,"column":6}},"63":{"start":{"line":145,"column":8},"end":{"line":145,"column":52}},"64":{"start":{"line":146,"column":8},"end":{"line":148,"column":9}},"65":{"start":{"line":147,"column":12},"end":{"line":147,"column":62}},"66":{"start":{"line":149,"column":8},"end":{"line":149,"column":35}},"67":{"start":{"line":156,"column":4},"end":{"line":162,"column":6}},"68":{"start":{"line":157,"column":8},"end":{"line":157,"column":51}},"69":{"start":{"line":158,"column":8},"end":{"line":160,"column":9}},"70":{"start":{"line":159,"column":12},"end":{"line":159,"column":74}},"71":{"start":{"line":161,"column":8},"end":{"line":161,"column":35}},"72":{"start":{"line":169,"column":4},"end":{"line":175,"column":6}},"73":{"start":{"line":170,"column":8},"end":{"line":170,"column":51}},"74":{"start":{"line":171,"column":8},"end":{"line":173,"column":9}},"75":{"start":{"line":172,"column":12},"end":{"line":172,"column":85}},"76":{"start":{"line":174,"column":8},"end":{"line":174,"column":35}},"77":{"start":{"line":180,"column":4},"end":{"line":185,"column":6}},"78":{"start":{"line":181,"column":8},"end":{"line":181,"column":77}},"79":{"start":{"line":181,"column":47},"end":{"line":181,"column":75}},"80":{"start":{"line":182,"column":8},"end":{"line":182,"column":35}},"81":{"start":{"line":183,"column":8},"end":{"line":183,"column":56}},"82":{"start":{"line":184,"column":8},"end":{"line":184,"column":35}},"83":{"start":{"line":189,"column":4},"end":{"line":193,"column":6}},"84":{"start":{"line":190,"column":8},"end":{"line":190,"column":36}},"85":{"start":{"line":191,"column":8},"end":{"line":191,"column":39}},"86":{"start":{"line":192,"column":8},"end":{"line":192,"column":35}},"87":{"start":{"line":197,"column":4},"end":{"line":215,"column":6}},"88":{"start":{"line":198,"column":8},"end":{"line":198,"column":42}},"89":{"start":{"line":199,"column":8},"end":{"line":199,"column":47}},"90":{"start":{"line":200,"column":8},"end":{"line":202,"column":9}},"91":{"start":{"line":201,"column":12},"end":{"line":201,"column":51}},"92":{"start":{"line":203,"column":8},"end":{"line":205,"column":9}},"93":{"start":{"line":204,"column":12},"end":{"line":204,"column":54}},"94":{"start":{"line":206,"column":8},"end":{"line":208,"column":9}},"95":{"start":{"line":207,"column":12},"end":{"line":207,"column":55}},"96":{"start":{"line":209,"column":8},"end":{"line":211,"column":9}},"97":{"start":{"line":210,"column":12},"end":{"line":210,"column":58}},"98":{"start":{"line":212,"column":8},"end":{"line":214,"column":9}},"99":{"start":{"line":213,"column":12},"end":{"line":213,"column":58}},"100":{"start":{"line":216,"column":4},"end":{"line":216,"column":42}},"101":{"start":{"line":217,"column":4},"end":{"line":217,"column":45}},"102":{"start":{"line":218,"column":4},"end":{"line":218,"column":46}},"103":{"start":{"line":219,"column":4},"end":{"line":219,"column":43}},"104":{"start":{"line":220,"column":4},"end":{"line":220,"column":47}},"105":{"start":{"line":221,"column":4},"end":{"line":221,"column":47}},"106":{"start":{"line":222,"column":4},"end":{"line":222,"column":47}},"107":{"start":{"line":223,"column":4},"end":{"line":223,"column":43}},"108":{"start":{"line":224,"column":4},"end":{"line":224,"column":31}},"109":{"start":{"line":226,"column":0},"end":{"line":226,"column":37}}},"branchMap":{"1":{"line":32,"type":"if","locations":[{"start":{"line":32,"column":8},"end":{"line":32,"column":8}},{"start":{"line":32,"column":8},"end":{"line":32,"column":8}}]},"2":{"line":43,"type":"if","locations":[{"start":{"line":43,"column":8},"end":{"line":43,"column":8}},{"start":{"line":43,"column":8},"end":{"line":43,"column":8}}]},"3":{"line":43,"type":"binary-expr","locations":[{"start":{"line":43,"column":12},"end":{"line":43,"column":38}},{"start":{"line":43,"column":42},"end":{"line":43,"column":76}}]},"4":{"line":53,"type":"if","locations":[{"start":{"line":53,"column":8},"end":{"line":53,"column":8}},{"start":{"line":53,"column":8},"end":{"line":53,"column":8}}]},"5":{"line":79,"type":"if","locations":[{"start":{"line":79,"column":8},"end":{"line":79,"column":8}},{"start":{"line":79,"column":8},"end":{"line":79,"column":8}}]},"6":{"line":98,"type":"if","locations":[{"start":{"line":98,"column":8},"end":{"line":98,"column":8}},{"start":{"line":98,"column":8},"end":{"line":98,"column":8}}]},"7":{"line":110,"type":"if","locations":[{"start":{"line":110,"column":8},"end":{"line":110,"column":8}},{"start":{"line":110,"column":8},"end":{"line":110,"column":8}}]},"8":{"line":122,"type":"if","locations":[{"start":{"line":122,"column":8},"end":{"line":122,"column":8}},{"start":{"line":122,"column":8},"end":{"line":122,"column":8}}]},"9":{"line":134,"type":"if","locations":[{"start":{"line":134,"column":8},"end":{"line":134,"column":8}},{"start":{"line":134,"column":8},"end":{"line":134,"column":8}}]},"10":{"line":146,"type":"if","locations":[{"start":{"line":146,"column":8},"end":{"line":146,"column":8}},{"start":{"line":146,"column":8},"end":{"line":146,"column":8}}]},"11":{"line":158,"type":"if","locations":[{"start":{"line":158,"column":8},"end":{"line":158,"column":8}},{"start":{"line":158,"column":8},"end":{"line":158,"column":8}}]},"12":{"line":171,"type":"if","locations":[{"start":{"line":171,"column":8},"end":{"line":171,"column":8}},{"start":{"line":171,"column":8},"end":{"line":171,"column":8}}]},"13":{"line":171,"type":"binary-expr","locations":[{"start":{"line":171,"column":12},"end":{"line":171,"column":38}},{"start":{"line":171,"column":42},"end":{"line":171,"column":76}}]},"14":{"line":181,"type":"if","locations":[{"start":{"line":181,"column":8},"end":{"line":181,"column":8}},{"start":{"line":181,"column":8},"end":{"line":181,"column":8}}]},"15":{"line":200,"type":"if","locations":[{"start":{"line":200,"column":8},"end":{"line":200,"column":8}},{"start":{"line":200,"column":8},"end":{"line":200,"column":8}}]},"16":{"line":203,"type":"if","locations":[{"start":{"line":203,"column":8},"end":{"line":203,"column":8}},{"start":{"line":203,"column":8},"end":{"line":203,"column":8}}]},"17":{"line":206,"type":"if","locations":[{"start":{"line":206,"column":8},"end":{"line":206,"column":8}},{"start":{"line":206,"column":8},"end":{"line":206,"column":8}}]},"18":{"line":209,"type":"if","locations":[{"start":{"line":209,"column":8},"end":{"line":209,"column":8}},{"start":{"line":209,"column":8},"end":{"line":209,"column":8}}]},"19":{"line":212,"type":"if","locations":[{"start":{"line":212,"column":8},"end":{"line":212,"column":8}},{"start":{"line":212,"column":8},"end":{"line":212,"column":8}}]}},"code":["\"use strict\";","var CorrelationContextManager = require(\"./AutoCollection/CorrelationContextManager\"); // Keep this first","var AutoCollectConsole = require(\"./AutoCollection/Console\");","var AutoCollectExceptions = require(\"./AutoCollection/Exceptions\");","var AutoCollectPerformance = require(\"./AutoCollection/Performance\");","var AutoCollectClientRequests = require(\"./AutoCollection/ClientRequests\");","var AutoCollectServerRequests = require(\"./AutoCollection/ServerRequests\");","var Client = require(\"./Library/Client\");","var Logging = require(\"./Library/Logging\");","/**"," * The singleton meta class for the default client of the client. This class is used to setup/start and configure"," * the auto-collection behavior of the application insights module."," */","var ApplicationInsights = (function () {","    function ApplicationInsights() {","    }","    /**","     * Initializes a client with the given instrumentation key, if this is not specified, the value will be","     * read from the environment variable APPINSIGHTS_INSTRUMENTATIONKEY","     * @returns {ApplicationInsights/Client} a new client","     */","    ApplicationInsights.getClient = function (instrumentationKey) {","        return new Client(instrumentationKey);","    };","    /**","     * Initializes the default client of the client and sets the default configuration","     * @param instrumentationKey the instrumentation key to use. Optional, if this is not specified, the value will be","     * read from the environment variable APPINSIGHTS_INSTRUMENTATIONKEY","     * @returns {ApplicationInsights} this class","     */","    ApplicationInsights.setup = function (instrumentationKey) {","        if (!ApplicationInsights.client) {","            ApplicationInsights.client = ApplicationInsights.getClient(instrumentationKey);","            ApplicationInsights._console = new AutoCollectConsole(ApplicationInsights.client);","            ApplicationInsights._exceptions = new AutoCollectExceptions(ApplicationInsights.client);","            ApplicationInsights._performance = new AutoCollectPerformance(ApplicationInsights.client);","            ApplicationInsights._serverRequests = new AutoCollectServerRequests(ApplicationInsights.client);","            ApplicationInsights._clientRequests = new AutoCollectClientRequests(ApplicationInsights.client);","        }","        else {","            Logging.info(\"The default client is already setup\");","        }","        if (ApplicationInsights.client && ApplicationInsights.client.channel) {","            ApplicationInsights.client.channel.setOfflineMode(ApplicationInsights._isOfflineMode);","        }","        return ApplicationInsights;","    };","    /**","     * Starts automatic collection of telemetry. Prior to calling start no telemetry will be collected","     * @returns {ApplicationInsights} this class","     */","    ApplicationInsights.start = function () {","        if (!!this.client) {","            ApplicationInsights._isStarted = true;","            ApplicationInsights._console.enable(ApplicationInsights._isConsole);","            ApplicationInsights._exceptions.enable(ApplicationInsights._isExceptions);","            ApplicationInsights._performance.enable(ApplicationInsights._isPerformance);","            ApplicationInsights._serverRequests.useAutoCorrelation(ApplicationInsights._isCorrelating);","            ApplicationInsights._serverRequests.enable(ApplicationInsights._isRequests);","            ApplicationInsights._clientRequests.enable(ApplicationInsights._isDependencies);","        }","        else {","            Logging.warn(\"Start cannot be called before setup\");","        }","        return ApplicationInsights;","    };","    /**","     * Returns an object that is shared across all code handling a given request. This can be used similarly to thread-local storage in other languages.","     * Properties set on this object will be available to telemetry processors.","     *","     * Do not store sensitive information here.","     * Custom properties set on this object can be exposed in a future SDK release via outgoing HTTP headers.","     * This is to allow for correlating data cross-component.","     *","     * This method will return null if automatic dependency correlation is disabled.","     * @returns A plain object for request storage or null if automatic dependency correlation is disabled.","     */","    ApplicationInsights.getCorrelationContext = function () {","        if (this._isCorrelating) {","            return CorrelationContextManager.CorrelationContextManager.getCurrentContext();","        }","        return null;","    };","    /**","     * Returns a function that will get the same correlation context within its function body as the code executing this function.","     * Use this method if automatic dependency correlation is not propagating correctly to an asynchronous callback.","     */","    ApplicationInsights.wrapWithCorrelationContext = function (fn) {","        return CorrelationContextManager.CorrelationContextManager.wrapCallback(fn);","    };","    /**","     * Sets the state of console tracking (enabled by default)","     * @param value if true console activity will be sent to Application Insights","     * @returns {ApplicationInsights} this class","     */","    ApplicationInsights.setAutoCollectConsole = function (value) {","        ApplicationInsights._isConsole = value;","        if (ApplicationInsights._isStarted) {","            ApplicationInsights._console.enable(value);","        }","        return ApplicationInsights;","    };","    /**","     * Sets the state of exception tracking (enabled by default)","     * @param value if true uncaught exceptions will be sent to Application Insights","     * @returns {ApplicationInsights} this class","     */","    ApplicationInsights.setAutoCollectExceptions = function (value) {","        ApplicationInsights._isExceptions = value;","        if (ApplicationInsights._isStarted) {","            ApplicationInsights._exceptions.enable(value);","        }","        return ApplicationInsights;","    };","    /**","     * Sets the state of performance tracking (enabled by default)","     * @param value if true performance counters will be collected every second and sent to Application Insights","     * @returns {ApplicationInsights} this class","     */","    ApplicationInsights.setAutoCollectPerformance = function (value) {","        ApplicationInsights._isPerformance = value;","        if (ApplicationInsights._isStarted) {","            ApplicationInsights._performance.enable(value);","        }","        return ApplicationInsights;","    };","    /**","     * Sets the state of request tracking (enabled by default)","     * @param value if true requests will be sent to Application Insights","     * @returns {ApplicationInsights} this class","     */","    ApplicationInsights.setAutoCollectRequests = function (value) {","        ApplicationInsights._isRequests = value;","        if (ApplicationInsights._isStarted) {","            ApplicationInsights._serverRequests.enable(value);","        }","        return ApplicationInsights;","    };","    /**","     * Sets the state of dependency tracking (enabled by default)","     * @param value if true dependencies will be sent to Application Insights","     * @returns {ApplicationInsights} this class","     */","    ApplicationInsights.setAutoCollectDependencies = function (value) {","        ApplicationInsights._isDependencies = value;","        if (ApplicationInsights._isStarted) {","            ApplicationInsights._clientRequests.enable(value);","        }","        return ApplicationInsights;","    };","    /**","     * Sets the state of automatic dependency correlation (enabled by default)","     * @param value if true dependencies will be correlated with requests","     * @returns {ApplicationInsights} this class","     */","    ApplicationInsights.setAutoDependencyCorrelation = function (value) {","        ApplicationInsights._isCorrelating = value;","        if (ApplicationInsights._isStarted) {","            ApplicationInsights._serverRequests.useAutoCorrelation(value);","        }","        return ApplicationInsights;","    };","    /**","    * Enable or disable offline mode to cache events when client is offline (disabled by default)","    * @param value if true events that occured while client is offline will be cached on disk","    * @param resendInterval. The wait interval for resending cached events.","    * @returns {ApplicationInsights} this class","    */","    ApplicationInsights.setOfflineMode = function (value, resendInterval) {","        ApplicationInsights._isOfflineMode = value;","        if (ApplicationInsights.client && ApplicationInsights.client.channel) {","            ApplicationInsights.client.channel.setOfflineMode(value, resendInterval);","        }","        return ApplicationInsights;","    };","    /**","     * Enables verbose debug logging","     * @returns {ApplicationInsights} this class","     */","    ApplicationInsights.enableVerboseLogging = function (enableWarningLogging) {","        if (enableWarningLogging === void 0) { enableWarningLogging = true; }","        Logging.enableDebug = true;","        Logging.disableWarnings = !enableWarningLogging;","        return ApplicationInsights;","    };","    /**","     * Disables verbose debug and warning logging","     */","    ApplicationInsights.disableConsoleLogging = function () {","        Logging.enableDebug = false;","        Logging.disableWarnings = true;","        return ApplicationInsights;","    };","    /**","      * Disposes the default client and all the auto collectors so they can be reinitialized with different configuration","      */","    ApplicationInsights.dispose = function () {","        ApplicationInsights.client = null;","        ApplicationInsights._isStarted = false;","        if (ApplicationInsights._console) {","            ApplicationInsights._console.dispose();","        }","        if (ApplicationInsights._exceptions) {","            ApplicationInsights._exceptions.dispose();","        }","        if (ApplicationInsights._performance) {","            ApplicationInsights._performance.dispose();","        }","        if (ApplicationInsights._serverRequests) {","            ApplicationInsights._serverRequests.dispose();","        }","        if (ApplicationInsights._clientRequests) {","            ApplicationInsights._clientRequests.dispose();","        }","    };","    ApplicationInsights._isConsole = true;","    ApplicationInsights._isExceptions = true;","    ApplicationInsights._isPerformance = true;","    ApplicationInsights._isRequests = true;","    ApplicationInsights._isDependencies = true;","    ApplicationInsights._isOfflineMode = false;","    ApplicationInsights._isCorrelating = false;","    ApplicationInsights._isStarted = false;","    return ApplicationInsights;","}());","module.exports = ApplicationInsights;",""],"l":{"2":1,"3":1,"4":1,"5":1,"6":1,"7":1,"8":1,"9":1,"14":1,"15":1,"22":1,"23":0,"31":1,"32":0,"33":0,"34":0,"35":0,"36":0,"37":0,"38":0,"41":0,"43":0,"44":0,"46":0,"52":1,"53":0,"54":0,"55":0,"56":0,"57":0,"58":0,"59":0,"60":0,"63":0,"65":0,"78":1,"79":0,"80":0,"82":0,"88":1,"89":0,"96":1,"97":0,"98":0,"99":0,"101":0,"108":1,"109":0,"110":0,"111":0,"113":0,"120":1,"121":0,"122":0,"123":0,"125":0,"132":1,"133":0,"134":0,"135":0,"137":0,"144":1,"145":0,"146":0,"147":0,"149":0,"156":1,"157":0,"158":0,"159":0,"161":0,"169":1,"170":0,"171":0,"172":0,"174":0,"180":1,"181":0,"182":0,"183":0,"184":0,"189":1,"190":0,"191":0,"192":0,"197":1,"198":0,"199":0,"200":0,"201":0,"203":0,"204":0,"206":0,"207":0,"209":0,"210":0,"212":0,"213":0,"216":1,"217":1,"218":1,"219":1,"220":1,"221":1,"222":1,"223":1,"224":1,"226":1}},"/home/travis/build/npmtest/node-npmtest-applicationinsights/node_modules/applicationinsights/AutoCollection/CorrelationContextManager.js":{"path":"/home/travis/build/npmtest/node-npmtest-applicationinsights/node_modules/applicationinsights/AutoCollection/CorrelationContextManager.js","s":{"1":1,"2":1,"3":1,"4":1,"5":0,"6":0,"7":0,"8":1,"9":0,"10":0,"11":0,"12":0,"13":0,"14":1,"15":0,"16":0,"17":0,"18":0,"19":1,"20":0,"21":0,"22":0,"23":1,"24":0,"25":0,"26":0,"27":0,"28":0,"29":0,"30":0,"31":0,"32":0,"33":0,"34":1,"35":0,"36":1,"37":0,"38":0,"39":1,"40":0,"41":0,"42":0,"43":0,"44":0,"45":1,"46":0,"47":0,"48":0,"49":0,"50":0,"51":0,"52":0,"53":0,"54":0,"55":0,"56":0,"57":0,"58":1,"59":0,"60":0,"61":0,"62":0,"63":0,"64":0,"65":0,"66":0,"67":0,"68":1,"69":0,"70":1,"71":0,"72":0,"73":0,"74":0,"75":0,"76":0,"77":0,"78":0,"79":0,"80":0,"81":0,"82":0,"83":0,"84":0,"85":0,"86":0,"87":0,"88":1,"89":1,"90":1,"91":1},"b":{"1":[0,0],"2":[0,0],"3":[0,0],"4":[0,0],"5":[0,0],"6":[0,0,0],"7":[0,0],"8":[0,0],"9":[0,0],"10":[0,0,0],"11":[0,0],"12":[0,0],"13":[0,0],"14":[0,0],"15":[0,0],"16":[0,0],"17":[0,0],"18":[0,0],"19":[0,0]},"f":{"1":1,"2":0,"3":0,"4":0,"5":0,"6":0,"7":0,"8":0,"9":0,"10":0,"11":0,"12":0,"13":0,"14":0,"15":0,"16":0,"17":0,"18":0},"fnMap":{"1":{"name":"(anonymous_1)","line":3,"loc":{"start":{"line":3,"column":33},"end":{"line":3,"column":45}}},"2":{"name":"CorrelationContextManager","line":4,"loc":{"start":{"line":4,"column":4},"end":{"line":4,"column":41}}},"3":{"name":"(anonymous_3)","line":11,"loc":{"start":{"line":11,"column":50},"end":{"line":11,"column":62}}},"4":{"name":"(anonymous_4)","line":20,"loc":{"start":{"line":20,"column":54},"end":{"line":20,"column":102}}},"5":{"name":"(anonymous_5)","line":40,"loc":{"start":{"line":40,"column":47},"end":{"line":40,"column":70}}},"6":{"name":"(anonymous_6)","line":59,"loc":{"start":{"line":59,"column":45},"end":{"line":59,"column":59}}},"7":{"name":"(anonymous_7)","line":68,"loc":{"start":{"line":68,"column":39},"end":{"line":68,"column":51}}},"8":{"name":"(anonymous_8)","line":87,"loc":{"start":{"line":87,"column":40},"end":{"line":87,"column":52}}},"9":{"name":"(anonymous_9)","line":93,"loc":{"start":{"line":93,"column":56},"end":{"line":93,"column":68}}},"10":{"name":"(anonymous_10)","line":99,"loc":{"start":{"line":99,"column":48},"end":{"line":99,"column":66}}},"11":{"name":"(anonymous_11)","line":114,"loc":{"start":{"line":114,"column":43},"end":{"line":114,"column":55}}},"12":{"name":"(anonymous_12)","line":118,"loc":{"start":{"line":118,"column":55},"end":{"line":118,"column":67}}},"13":{"name":"(anonymous_13)","line":135,"loc":{"start":{"line":135,"column":44},"end":{"line":135,"column":67}}},"14":{"name":"(anonymous_14)","line":136,"loc":{"start":{"line":136,"column":28},"end":{"line":136,"column":50}}},"15":{"name":"(anonymous_15)","line":138,"loc":{"start":{"line":138,"column":33},"end":{"line":138,"column":45}}},"16":{"name":"(anonymous_16)","line":140,"loc":{"start":{"line":140,"column":31},"end":{"line":140,"column":43}}},"17":{"name":"(anonymous_17)","line":154,"loc":{"start":{"line":154,"column":43},"end":{"line":154,"column":55}}},"18":{"name":"AppInsightsAsyncCorrelatedErrorWrapper","line":157,"loc":{"start":{"line":157,"column":8},"end":{"line":157,"column":58}}}},"statementMap":{"1":{"start":{"line":2,"column":0},"end":{"line":2,"column":38}},"2":{"start":{"line":3,"column":0},"end":{"line":190,"column":5}},"3":{"start":{"line":4,"column":4},"end":{"line":5,"column":5}},"4":{"start":{"line":11,"column":4},"end":{"line":16,"column":6}},"5":{"start":{"line":12,"column":8},"end":{"line":14,"column":9}},"6":{"start":{"line":13,"column":12},"end":{"line":13,"column":24}},"7":{"start":{"line":15,"column":8},"end":{"line":15,"column":43}},"8":{"start":{"line":20,"column":4},"end":{"line":34,"column":6}},"9":{"start":{"line":21,"column":8},"end":{"line":21,"column":52}},"10":{"start":{"line":22,"column":8},"end":{"line":22,"column":43}},"11":{"start":{"line":23,"column":8},"end":{"line":32,"column":9}},"12":{"start":{"line":24,"column":12},"end":{"line":31,"column":14}},"13":{"start":{"line":33,"column":8},"end":{"line":33,"column":20}},"14":{"start":{"line":40,"column":4},"end":{"line":51,"column":6}},"15":{"start":{"line":41,"column":8},"end":{"line":50,"column":9}},"16":{"start":{"line":42,"column":12},"end":{"line":45,"column":15}},"17":{"start":{"line":46,"column":12},"end":{"line":46,"column":28}},"18":{"start":{"line":49,"column":12},"end":{"line":49,"column":17}},"19":{"start":{"line":59,"column":4},"end":{"line":64,"column":6}},"20":{"start":{"line":60,"column":8},"end":{"line":62,"column":9}},"21":{"start":{"line":61,"column":12},"end":{"line":61,"column":64}},"22":{
[...]
"column":15}},"57":{"start":{"line":94,"column":16},"end":{"line":94,"column":48}},"58":{"start":{"line":95,"column":16},"end":{"line":95,"column":44}},"59":{"start":{"line":96,"column":16},"end":{"line":102,"column":17}},"60":{"start":{"line":97,"column":20},"end":{"line":97,"column":65}},"61":{"start":{"line":98,"column":20},"end":{"line":100,"column":21}},"62":{"start":{"line":99,"column":24},"end":{"line":99,"column":56}},"63":{"start":{"line":101,"column":20},"end":{"line":101,"column":43}},"64":{"start":{"line":103,"column":16},"end":{"line":105,"column":17}},"65":{"start":{"line":104,"column":20},"end":{"line":104,"column":48}},"66":{"start":{"line":107,"column":12},"end":{"line":107,"column":34}},"67":{"start":{"line":108,"column":12},"end":{"line":108,"column":22}},"68":{"start":{"line":111,"column":4},"end":{"line":113,"column":6}},"69":{"start":{"line":112,"column":8},"end":{"line":112,"column":39}},"70":{"start":{"line":114,"column":4},"end":{"line":125,"column":6}},"71":{"start":{"line":115,"column":8},"end":{"line":124,"column":11}},"72":{"start":{"line":116,"column":12},"end":{"line":123,"column":13}},"73":{"start":{"line":117,"column":16},"end":{"line":119,"column":19}},"74":{"start":{"line":118,"column":20},"end":{"line":118,"column":34}},"75":{"start":{"line":122,"column":16},"end":{"line":122,"column":31}},"76":{"start":{"line":129,"column":4},"end":{"line":145,"column":6}},"77":{"start":{"line":130,"column":8},"end":{"line":130,"column":25}},"78":{"start":{"line":132,"column":8},"end":{"line":132,"column":63}},"79":{"start":{"line":133,"column":8},"end":{"line":144,"column":11}},"80":{"start":{"line":134,"column":12},"end":{"line":137,"column":13}},"81":{"start":{"line":135,"column":16},"end":{"line":135,"column":44}},"82":{"start":{"line":136,"column":16},"end":{"line":136,"column":23}},"83":{"start":{"line":140,"column":12},"end":{"line":140,"column":61}},"84":{"start":{"line":141,"column":12},"end":{"line":141,"column":62}},"85":{"start":{"line":142,"column":12},"end":{"line":142,"column":80}},"86":{"start":{"line":143,"column":12},"end":{"line":143,"column":106}},"87":{"start":{"line":143,"column":67},"end":{"line":143,"column":102}},"88":{"start":{"line":150,"column":4},"end":{"line":166,"column":6}},"89":{"start":{"line":151,"column":8},"end":{"line":151,"column":63}},"90":{"start":{"line":152,"column":8},"end":{"line":165,"column":9}},"91":{"start":{"line":153,"column":12},"end":{"line":155,"column":13}},"92":{"start":{"line":154,"column":16},"end":{"line":154,"column":40}},"93":{"start":{"line":158,"column":12},"end":{"line":158,"column":61}},"94":{"start":{"line":159,"column":12},"end":{"line":159,"column":62}},"95":{"start":{"line":160,"column":12},"end":{"line":160,"column":93}},"96":{"start":{"line":161,"column":12},"end":{"line":161,"column":52}},"97":{"start":{"line":164,"column":12},"end":{"line":164,"column":39}},"98":{"start":{"line":171,"column":4},"end":{"line":206,"column":6}},"99":{"start":{"line":172,"column":8},"end":{"line":172,"column":25}},"100":{"start":{"line":173,"column":8},"end":{"line":173,"column":61}},"101":{"start":{"line":174,"column":8},"end":{"line":205,"column":11}},"102":{"start":{"line":175,"column":12},"end":{"line":204,"column":13}},"103":{"start":{"line":176,"column":16},"end":{"line":203,"column":19}},"104":{"start":{"line":177,"column":20},"end":{"line":202,"column":21}},"105":{"start":{"line":178,"column":24},"end":{"line":178,"column":113}},"106":{"start":{"line":178,"column":60},"end":{"line":178,"column":109}},"107":{"start":{"line":179,"column":24},"end":{"line":198,"column":25}},"108":{"start":{"line":180,"column":28},"end":{"line":180,"column":53}},"109":{"start":{"line":181,"column":28},"end":{"line":181,"column":73}},"110":{"start":{"line":182,"column":28},"end":{"line":197,"column":31}},"111":{"start":{"line":183,"column":32},"end":{"line":196,"column":33}},"112":{"start":{"line":185,"column":36},"end":{"line":192,"column":39}},"113":{"start":{"line":186,"column":40},"end":{"line":191,"column":41}},"114":{"start":{"line":187,"column":44},"end":{"line":187,"column":64}},"115":{"start":{"line":190,"column":44},"end":{"line":190,"column":72}},"116":{"start":{"line":195,"column":36},"end":{"line":195,"column":64}},"117":{"start":{"line":201,"column":24},"end":{"line":201,"column":52}},"118":{"start":{"line":207,"column":4},"end":{"line":211,"column":6}},"119":{"start":{"line":208,"column":8},"end":{"line":210,"column":9}},"120":{"start":{"line":209,"column":12},"end":{"line":209,"column":33}},"121":{"start":{"line":212,"column":4},"end":{"line":212,"column":26}},"122":{"start":{"line":214,"column":4},"end":{"line":214,"column":43}},"123":{"start":{"line":215,"column":4},"end":{"line":215,"column":40}},"124":{"start":{"line":216,"column":4},"end":{"line":216,"column":18}},"125":{"start":{"line":218,"column":0},"end":{"line":218,"column":24}}},"branchMap":{"1":{"line":25,"type":"if","locations":[{"start":{"line":25,"column":8},"end":{"line":25,"column":8}},{"start":{"line":25,"column":8},"end":{"line":25,"column":8}}]},"2":{"line":25,"type":"binary-expr","locations":[{"start":{"line":25,"column":12},"end":{"line":25,"column":46}},{"start":{"line":25,"column":50},"end":{"line":25,"column":69}}]},"3":{"line":32,"type":"if","locations":[{"start":{"line":32,"column":8},"end":{"line":32,"column":8}},{"start":{"line":32,"column":8},"end":{"line":32,"column":8}}]},"4":{"line":32,"type":"binary-expr","locations":[{"start":{"line":32,"column":12},"end":{"line":32,"column":23}},{"start":{"line":32,"column":27},"end":{"line":32,"column":58}}]},"5":{"line":49,"type":"if","locations":[{"start":{"line":49,"column":12},"end":{"line":49,"column":12}},{"start":{"line":49,"column":12},"end":{"line":49,"column":12}}]},"6":{"line":70,"type":"if","locations":[{"start":{"line":70,"column":20},"end":{"line":70,"column":20}},{"start":{"line":70,"column":20},"end":{"line":70,"column":20}}]},"7":{"line":73,"type":"if","locations":[{"start":{"line":73,"column":20},"end":{"line":73,"column":20}},{"start":{"line":73,"column":20},"end":{"line":73,"column":20}}]},"8":{"line":76,"type":"if","locations":[{"start":{"line":76,"column":20},"end":{"line":76,"column":20}},{"start":{"line":76,"column":20},"end":{"line":76,"column":20}}]},"9":{"line":78,"type":"if","locations":[{"start":{"line":78,"column":24},"end":{"line":78,"column":24}},{"start":{"line":78,"column":24},"end":{"line":78,"column":24}}]},"10":{"line":81,"type":"if","locations":[{"start":{"line":81,"column":29},"end":{"line":81,"column":29}},{"start":{"line":81,"column":29},"end":{"line":81,"column":29}}]},"11":{"line":81,"type":"binary-expr","locations":[{"start":{"line":81,"column":33},"end":{"line":81,"column":55}},{"start":{"line":82,"column":28},"end":{"line":82,"column":50}},{"start":{"line":83,"column":28},"end":{"line":83,"column":50}}]},"12":{"line":89,"type":"cond-expr","locations":[{"start":{"line":90,"column":16},"end":{"line":90,"column":55}},{"start":{"line":91,"column":16},"end":{"line":91,"column":54}}]},"13":{"line":96,"type":"if","locations":[{"start":{"line":96,"column":16},"end":{"line":96,"column":16}},{"start":{"line":96,"column":16},"end":{"line":96,"column":16}}]},"14":{"line":98,"type":"if","locations":[{"start":{"line":98,"column":20},"end":{"line":98,"column":20}},{"start":{"line":98,"column":20},"end":{"line":98,"column":20}}]},"15":{"line":98,"type":"binary-expr","locations":[{"start":{"line":98,"column":24},"end":{"line":98,"column":29}},{"start":{"line":98,"column":34},"end":{"line":98,"column":70}}]},"16":{"line":103,"type":"if","locations":[{"start":{"line":103,"column":16},"end":{"line":103,"column":16}},{"start":{"line":103,"column":16},"end":{"line":103,"column":16}}]},"17":{"line":116,"type":"if","locations":[{"start":{"line":116,"column":12},"end":{"line":116,"column":12}},{"start":{"line":116,"column":12},"end":{"line":116,"column":12}}]},"18":{"line":134,"type":"if","locations":[{"start":{"line":134,"column":12},"end":{"line":134,"column":12}},{"start":{"line":134,"column":12},"end":{"line":134,"column":12}}]},"19":{"line":153,"type":"if","locations":[{"start":{"line":153,"column":12},"end":{"line":153,"column":12}},{"start":{"line":153,"column":12},"end":{"line":153,"column":12}}]},"20":{"line":175,"type":"if","locations":[{"start":{"line":175,"column":12},"end":{"line":175,"column":12}},{"start":{"line":175,"column":12},"end":{"line":175,"column":12}}]},"21":{"line":177,"type":"if","locations":[{"start":{"line":177,"column":20},"end":{"line":177,"column":20}},{"start":{"line":177,"column":20},"end":{"line":177,"column":20}}]},"22":{"line":179,"type":"if","locations":[{"start":{"line":179,"column":24},"end":{"line":179,"column":24}},{"start":{"line":179,"column":24},"end":{"line":179,"column":24}}]},"23":{"line":183,"type":"if","locations":[{"start":{"line":183,"column":32},"end":{"line":183,"column":32}},{"start":{"line":183,"column":32},"end":{"line":183,"column":32}}]},"24":{"line":186,"type":"if","locations":[{"start":{"line":186,"column":40},"end":{"line":186,"column":40}},{"start":{"line":186,"column":40},"end":{"line":186,"column":40}}]},"25":{"line":208,"type":"if","locations":[{"start":{"line":208,"column":8},"end":{"line":208,"column":8}},{"start":{"line":208,"column":8},"end":{"line":208,"column":8}}]}},"code":["///<reference path=\"..\\typings\\globals\\node\\index.d.ts\" />","\"use strict\";","var fs = require(\"fs\");","var http = require(\"http\");","var https = require(\"https\");","var os = require(\"os\");","var path = require(\"path\");","var url = require(\"url\");","var zlib = require(\"zlib\");","var Logging = require(\"./Logging\");","var AutoCollectClientRequests = require(\"../AutoCollection/ClientRequests\");","var Sender = (function () {","    function Sender(getUrl, onSuccess, onError) {","        this._getUrl = getUrl;","        this._onSuccess = onSuccess;","        this._onError = onError;","        this._enableOfflineMode = false;","        this._resendInterval = Sender.WAIT_BETWEEN_RESEND;","    }","    /**","    * Enable or disable offline mode","    */","    Sender.prototype.setOfflineMode = function (value, resendInterval) {","        this._enableOfflineMode = value;","        if (typeof resendInterval === 'number' && resendInterval >= 0) {","            this._resendInterval = Math.floor(resendInterval);","        }","    };","    Sender.prototype.send = function (payload, callback) {","        var _this = this;","        var endpointUrl = this._getUrl();","        if (endpointUrl && endpointUrl.indexOf(\"//\") === 0) {","            // use https if the config did not specify a protocol","            endpointUrl = \"https:\" + endpointUrl;","        }","        // todo: investigate specifying an agent here: https://nodejs.org/api/http.html#http_class_http_agent","        var parsedUrl = url.parse(endpointUrl);","        var options = {","            host: parsedUrl.hostname,","            port: parsedUrl.port,","            path: parsedUrl.pathname,","            method: \"POST\",","            headers: {","                \"Content-Type\": \"application/x-json-stream\"","            }","        };","        zlib.gzip(payload, function (err, buffer) {","            var dataToSend = buffer;","            if (err) {","                Logging.warn(err);","                dataToSend = payload; // something went wrong so send without gzip","                options.headers[\"Content-Length\"] = payload.length;","            }","            else {","                options.headers[\"Content-Encoding\"] = \"gzip\";","                options.headers[\"Content-Length\"] = buffer.length;","            }","            Logging.info(Sender.TAG, options);","            // Ensure this request is not captured by auto-collection.","            options[AutoCollectClientRequests.disableCollectionRequestOption] = true;","            var requestCallback = function (res) {","                res.setEncoding(\"utf-8\");","                //returns empty if the data is accepted","                var responseString = \"\";","                res.on(\"data\", function (data) {","                    responseString += data;","                });","                res.on(\"end\", function () {","                    Logging.info(Sender.TAG, responseString);","                    if (typeof _this._onSuccess === \"function\") {","                        _this._onSuccess(responseString);","                    }","                    if (typeof callback === \"function\") {","                        callback(responseString);","                    }","                    if (_this._enableOfflineMode) {","                        // try to send any cached events if the user is back online","                        if (res.statusCode === 200) {","                            setTimeout(function () { return _this._sendFirstFileOnDisk(); }, _this._resendInterval);","                        }","                        else if (res.statusCode === 206 ||","                            res.statusCode === 429 ||","                            res.statusCode === 439) {","                            _this._storeToDisk(payload);","                        }","                    }","                });","            };","            var req = (parsedUrl.protocol == \"https:\") ?","                https.request(options, requestCallback) :","                http.request(options, requestCallback);","            req.on(\"error\", function (error) {","                // todo: handle error codes better (group to recoverable/non-recoverable and persist)","                Logging.warn(Sender.TAG, error);","                _this._onErrorHelper(error);","                if (typeof callback === \"function\") {","                    var errorMessage = \"error sending telemetry\";","                    if (error && (typeof error.toString === \"function\")) {","                        errorMessage = error.toString();","                    }","                    callback(errorMessage);","                }","                if (_this._enableOfflineMode) {","                    _this._storeToDisk(payload);","                }","            });","            req.write(dataToSend);","            req.end();","        });","    };","    Sender.prototype.saveOnCrash = function (payload) {","        this._storeToDiskSync(payload);","    };","    Sender.prototype._confirmDirExists = function (direcotry, callback) {","        fs.exists(direcotry, function (exists) {","            if (!exists) {","                fs.mkdir(direcotry, function (err) {","                    callback(err);","                });","            }","            else {","                callback(null);","            }","        });","    };","    /**","     * Stores the payload as a json file on disk in the temp direcotry","     */","    Sender.prototype._storeToDisk = function (payload) {","        var _this = this;","        //ensure directory is created","        var direcotry = path.join(os.tmpdir(), Sender.TEMPDIR);","        this._confirmDirExists(direcotry, function (error) {","            if (error) {","                _this._onErrorHelper(error);","                return;","            }","            //create file - file name for now is the timestamp, a better approach would be a UUID but that","            //would require an external dependency","            var fileName = new Date().getTime() + \".ai.json\";","            var fileFullPath = path.join(direcotry, fileName);","            Logging.info(Sender.TAG, \"saving data to disk at: \" + fileFullPath);","            fs.writeFile(fileFullPath, payload, function (error) { return _this._onErrorHelper(error); });","        });","    };","    /**","     * Stores the payload as a json file on disk using sync file operations","     * this is used when storing data before crashes","     */","    Sender.prototype._storeToDiskSync = function (payload) {","        var direcotry = path.join(os.tmpdir(), Sender.TEMPDIR);","        try {","            if (!fs.existsSync(direcotry)) {","                fs.mkdirSync(direcotry);","            }","            //create file - file name for now is the timestamp, a better approach would be a UUID but that","            //would require an external dependency","            var fileName = new Date().getTime() + \".ai.json\";","            var fileFullPath = path.join(direcotry, fileName);","            Logging.info(Sender.TAG, \"saving data before crash to disk at: \" + fileFullPath);","            fs.writeFileSync(fileFullPath, payload);","        }","        catch (error) {","            this._onErrorHelper(error);","        }","    };","    /**","     * Check for temp telemetry files","     * reads the first file if exist, deletes it and tries to send its load","     */","    Sender.prototype._sendFirstFileOnDisk = function () {","        var _this = this;","        var tempDir = path.join(os.tmpdir(), Sender.TEMPDIR);","        fs.exists(tempDir, function (exists) {","            if (exists) {","                fs.readdir(tempDir, function (error, files) {","                    if (!error) {","                        files = files.filter(function (f) { return path.basename(f).indexOf(\".ai.json\") > -1; });","                        if (files.length > 0) {","                            var firstFile = files[0];","                            var filePath = path.join(tempDir, firstFile);","                            fs.readFile(filePath, function (error, payload) {","                                if (!error) {","                                    // delete the file first to prevent double sending","                                    fs.unlink(filePath, function (error) {","                                        if (!error) {","                                            _this.send(payload);","                                        }","                                        else {","                                            _this._onErrorHelper(error);","                                        }","                                    });","                                }","                                else {","                                    _this._onErrorHelper(error);","                                }","                            });","                        }","                    }","                    else {","                        _this._onErrorHelper(error);","                    }","                });","            }","        });","    };","    Sender.prototype._onErrorHelper = function (error) {","        if (typeof this._onError === \"function\") {","            this._onError(error);","        }","    };","    Sender.TAG = \"Sender\";","    // the amount of time the SDK will wait between resending cached data, this buffer is to avoid any throtelling from the service side","    Sender.WAIT_BETWEEN_RESEND = 60 * 1000;","    Sender.TEMPDIR = \"appInsights-node\";","    return Sender;","}());","module.exports = Sender;",""],"l":{"3":1,"4":1,"5":1,"6":1,"7":1,"8":1,"9":1,"10":1,"11":1,"12":1,"13":1,"14":0,"15":0,"16":0,"17":0,"18":0,"23":1,"24":0,"25":0,"26":0,"29":1,"30":0,"31":0,"32":0,"34":0,"37":0,"38":0,"47":0,"48":0,"49":0,"50":0,"51":0,"52":0,"55":0,"56":0,"58":0,"60":0,"61":0,"62":0,"64":0,"65":0,"66":0,"68":0,"69":0,"70":0,"71":0,"73":0,"74":0,"76":0,"78":0,"79":0,"81":0,"84":0,"89":0,"92":0,"94":0,"95":0,"96":0,"97":0,"98":0,"99":0,"101":0,"103":0,"104":0,"107":0,"108":0,"111":1,"112":0,"114":1,"115":0,"116":0,"117":0,"118":0,"122":0,"129":1,"130":0,"132":0,"133":0,"134":0,"135":0,"136":0,"140":0,"141":0,"142":0,"143":0,"150":1,"151":0,"152":0,"153":0,"154":0,"158":0,"159":0,"160":0,"161":0,"164":0,"171":1,"172":0,"173":0,"174":0,"175":0,"176":0,"177":0,"178":0,"179":0,"180":0,"181":0,"182":0,"183":0,"185":0,"186":0,"187":0,"190":0,"195":0,"201":0,"207":1,"208":0,"209":0,"212":1,"214":1,"215":1,"216":1,"218":1}}}